 ILLUMINA version 2.1.21w21.1a
 FILE USED:
 st_cruz_2019_pico_topogra.bin                                           aerosol.txt                                                             
 Wavelength (nm):   505.000000      Aerosol optical depth:  0.129226178    
 2nd order scattering radius:   40000.0000      m
 Observer position (x,y,z)         256         256   10.0000000    
 Elevation angle:   90.0000000      azim angle (counterclockwfrom east)   90.0000000    
 Width of the domain [NS](m):   35602.4609     #cases:         511
 Width of the domain [EO](m):   35602.4609     #cases:         511
 Size of a cell (m):   69.6721344      X    69.6721344    
 latitu center:   0.00000000    
  Turning on lamps           1
  Turning on lamps           2
  Turning on lamps           3
  Turning on lamps           4
  Turning on lamps           5
  Turning on lamps           6
  Turning on lamps           7
  Turning on lamps           9
  Turning on lamps          11
  Turning on lamps          12
 ========================    =====================
  Progression along the line of sight :           1
  Horizontal dist. line of sight =   0.00000000      m
  Vertical dist. line of sight =   9.50000000      m
  Turning on lamps           1
  Turning on lamps           2
  Turning on lamps           3
  Turning on lamps           4
  Turning on lamps           5
  Turning on lamps           6
  Turning on lamps           7
  Turning on lamps           9
  Turning on lamps          11
  Turning on lamps          12
 Added radiance =   0.00000000    
 Radiance accumulated =   0.00000000    
 ========================    =====================
  Progression along the line of sight :           2
  Horizontal dist. line of sight =   0.00000000      m
  Vertical dist. line of sight =   29.6398926      m
  Turning on lamps           1
  Turning on lamps           2
  Turning on lamps           3
  Turning on lamps           4
  Turning on lamps           5
  Turning on lamps           6
  Turning on lamps           7
  Turning on lamps           9
  Turning on lamps          11
  Turning on lamps          12
 Added radiance =   1.01740939E-14
 Radiance accumulated =   1.01740939E-14
 ========================    =====================
  Progression along the line of sight :           3
  Horizontal dist. line of sight =   0.00000000      m
  Vertical dist. line of sight =   52.1967773      m
  Turning on lamps           1
  Turning on lamps           2
  Turning on lamps           3
  Turning on lamps           4
  Turning on lamps           5
  Turning on lamps           6
  Turning on lamps           7
  Turning on lamps           9
  Turning on lamps          11
  Turning on lamps          12
 Added radiance =   1.23663371E-14
 Radiance accumulated =   2.25404310E-14
 ========================    =====================
  Progression along the line of sight :           4
  Horizontal dist. line of sight =   0.00000000      m
  Vertical dist. line of sight =   77.4604492      m
  Turning on lamps           1
  Turning on lamps           2
  Turning on lamps           3
  Turning on lamps           4
  Turning on lamps           5
  Turning on lamps           6
  Turning on lamps           7
  Turning on lamps           9
  Turning on lamps          11
  Turning on lamps          12
 Added radiance =   1.56454355E-14
 Radiance accumulated =   3.81858682E-14
 ========================    =====================
  Progression along the line of sight :           5
  Horizontal dist. line of sight =   0.00000000      m
  Vertical dist. line of sight =   105.755615      m
  Turning on lamps           1
  Turning on lamps           2
  Turning on lamps           3
  Turning on lamps           4
  Turning on lamps           5
  Turning on lamps           6
  Turning on lamps           7
  Turning on lamps           9
  Turning on lamps          11
  Turning on lamps          12
 Added radiance =   1.98618045E-14
 Radiance accumulated =   5.80476693E-14
 ========================    =====================
  Progression along the line of sight :           6
  Horizontal dist. line of sight =   0.00000000      m
  Vertical dist. line of sight =   137.446289      m
  Turning on lamps           1
  Turning on lamps           2
  Turning on lamps           3
  Turning on lamps           4
  Turning on lamps           5
  Turning on lamps           6
  Turning on lamps           7
  Turning on lamps           9
  Turning on lamps          11
  Turning on lamps          12
 Added radiance =   2.63959844E-14
 Radiance accumulated =   8.44436554E-14
 ========================    =====================
  Progression along the line of sight :           7
  Horizontal dist. line of sight =   0.00000000      m
  Vertical dist. line of sight =   172.939941      m
  Turning on lamps           1
  Turning on lamps           2
  Turning on lamps           3
  Turning on lamps           4
  Turning on lamps           5
  Turning on lamps           6
  Turning on lamps           7
  Turning on lamps           9
  Turning on lamps          11
  Turning on lamps          12
 Added radiance =   3.42552186E-14
 Radiance accumulated =   1.18698874E-13
 ========================    =====================
  Progression along the line of sight :           8
  Horizontal dist. line of sight =   0.00000000      m
  Vertical dist. line of sight =   212.692627      m
  Turning on lamps           1
  Turning on lamps           2
  Turning on lamps           3
  Turning on lamps           4
  Turning on lamps           5
  Turning on lamps           6
  Turning on lamps           7
  Turning on lamps           9
  Turning on lamps          11
  Turning on lamps          12
 Added radiance =   4.46581858E-14
 Radiance accumulated =   1.63357053E-13
 ========================    =====================
  Progression along the line of sight :           9
  Horizontal dist. line of sight =   0.00000000      m
  Vertical dist. line of sight =   257.215820      m
  Turning on lamps           1
  Turning on lamps           2
  Turning on lamps           3
  Turning on lamps           4
  Turning on lamps           5
  Turning on lamps           6
  Turning on lamps           7
  Turning on lamps           9
  Turning on lamps          11
  Turning on lamps          12
 Added radiance =   6.32307046E-14
 Radiance accumulated =   2.26587751E-13
 ========================    =====================
  Progression along the line of sight :          10
  Horizontal dist. line of sight =   0.00000000      m
  Vertical dist. line of sight =   307.081787      m
  Turning on lamps           1
  Turning on lamps           2
  Turning on lamps           3
  Turning on lamps           4
  Turning on lamps           5
  Turning on lamps           6
  Turning on lamps           7
  Turning on lamps           9
  Turning on lamps          11
  Turning on lamps          12
 Added radiance =   7.23751164E-14
 Radiance accumulated =   2.98962840E-13
 ========================    =====================
  Progression along the line of sight :          11
  Horizontal dist. line of sight =   0.00000000      m
  Vertical dist. line of sight =   362.931641      m
  Turning on lamps           1
  Turning on lamps           2
  Turning on lamps           3
  Turning on lamps           4
  Turning on lamps           5
  Turning on lamps           6
  Turning on lamps           7
  Turning on lamps           9
  Turning on lamps          11
  Turning on lamps          12
 Added radiance =   8.30881249E-14
 Radiance accumulated =   3.82050972E-13
 ========================    =====================
  Progression along the line of sight :          12
  Horizontal dist. line of sight =   0.00000000      m
  Vertical dist. line of sight =   425.483398      m
  Turning on lamps           1
  Turning on lamps           2
  Turning on lamps           3
  Turning on lamps           4
  Turning on lamps           5
  Turning on lamps           6
  Turning on lamps           7
  Turning on lamps           9
  Turning on lamps          11
  Turning on lamps          12
 Added radiance =   9.50821656E-14
 Radiance accumulated =   4.77133144E-13
 ========================    =====================
  Progression along the line of sight :          13
  Horizontal dist. line of sight =   0.00000000      m
  Vertical dist. line of sight =   495.541504      m
  Turning on lamps           1
  Turning on lamps           2
  Turning on lamps           3
  Turning on lamps           4
  Turning on lamps           5
  Turning on lamps           6
  Turning on lamps           7
  Turning on lamps           9
  Turning on lamps          11
  Turning on lamps          12
 Added radiance =   1.07549190E-13
 Radiance accumulated =   5.84682368E-13
 ========================    =====================
  Progression along the line of sight :          14
  Horizontal dist. line of sight =   0.00000000      m
  Vertical dist. line of sight =   574.006348      m
  Turning on lamps           1
  Turning on lamps           2
  Turning on lamps           3
  Turning on lamps           4
  Turning on lamps           5
  Turning on lamps           6
  Turning on lamps           7
  Turning on lamps           9
  Turning on lamps          11
  Turning on lamps          12
 Added radiance =   1.21966388E-13
 Radiance accumulated =   7.06648769E-13
 ========================    =====================
  Progression along the line of sight :          15
  Horizontal dist. line of sight =   0.00000000      m
  Vertical dist. line of sight =   661.887207      m
  Turning on lamps           1
  Turning on lamps           2
  Turning on lamps           3
  Turning on lamps           4
  Turning on lamps           5
  Turning on lamps           6
  Turning on lamps           7
  Turning on lamps           9
  Turning on lamps          11
  Turning on lamps          12
 Added radiance =   1.37539936E-13
 Radiance accumulated =   8.44188651E-13
 ========================    =====================
  Progression along the line of sight :          16
  Horizontal dist. line of sight =   0.00000000      m
  Vertical dist. line of sight =   760.313477      m
  Turning on lamps           1
  Turning on lamps           2
  Turning on lamps           3
  Turning on lamps           4
  Turning on lamps           5
  Turning on lamps           6
  Turning on lamps           7
  Turning on lamps           9
  Turning on lamps          11
  Turning on lamps          12
 Added radiance =   1.55318168E-13
 Radiance accumulated =   9.99506901E-13
 ========================    =====================
  Progression along the line of sight :          17
  Horizontal dist. line of sight =   0.00000000      m
  Vertical dist. line of sight =   870.551270      m
  Turning on lamps           1
  Turning on lamps           2
  Turning on lamps           3
  Turning on lamps           4
  Turning on lamps           5
  Turning on lamps           6
  Turning on lamps           7
  Turning on lamps           9
  Turning on lamps          11
  Turning on lamps          12
 Added radiance =   1.74710696E-13
 Radiance accumulated =   1.17421752E-12
 ========================    =====================
  Progression along the line of sight :          18
  Horizontal dist. line of sight =   0.00000000      m
  Vertical dist. line of sight =   994.017578      m
  Turning on lamps           1
  Turning on lamps           2
  Turning on lamps           3
  Turning on lamps           4
  Turning on lamps           5
  Turning on lamps           6
  Turning on lamps           7
  Turning on lamps           9
  Turning on lamps          11
  Turning on lamps          12
 Added radiance =   1.98087261E-13
 Radiance accumulated =   1.37230494E-12
 ========================    =====================
  Progression along the line of sight :          19
  Horizontal dist. line of sight =   0.00000000      m
  Vertical dist. line of sight =   1132.29980      m
  Turning on lamps           1
  Turning on lamps           2
  Turning on lamps           3
  Turning on lamps           4
  Turning on lamps           5
  Turning on lamps           6
  Turning on lamps           7
  Turning on lamps           9
  Turning on lamps          11
  Turning on lamps          12
 Added radiance =   2.23920546E-13
 Radiance accumulated =   1.59622532E-12
 ========================    =====================
  Progression along the line of sight :          20
  Horizontal dist. line of sight =   0.00000000      m
  Vertical dist. line of sight =   1287.17578      m
  Turning on lamps           1
  Turning on lamps           2
  Turning on lamps           3
  Turning on lamps           4
  Turning on lamps           5
  Turning on lamps           6
  Turning on lamps           7
  Turning on lamps           9
  Turning on lamps          11
  Turning on lamps          12
 Added radiance =   2.53867429E-13
 Radiance accumulated =   1.85009278E-12
 ========================    =====================
  Progression along the line of sight :          21
  Horizontal dist. line of sight =   0.00000000      m
  Vertical dist. line of sight =   1460.63672      m
  Turning on lamps           1
  Turning on lamps           2
  Turning on lamps           3
  Turning on lamps           4
  Turning on lamps           5
  Turning on lamps           6
  Turning on lamps           7
  Turning on lamps           9
  Turning on lamps          11
  Turning on lamps          12
 Added radiance =   2.91255220E-13
 Radiance accumulated =   2.14134808E-12
 ========================    =====================
  Progression along the line of sight :          22
  Horizontal dist. line of sight =   0.00000000      m
  Vertical dist. line of sight =   1654.91309      m
  Turning on lamps           1
  Turning on lamps           2
  Turning on lamps           3
  Turning on lamps           4
  Turning on lamps           5
  Turning on lamps           6
  Turning on lamps           7
  Turning on lamps           9
  Turning on lamps          11
  Turning on lamps          12
 Added radiance =   3.33458982E-13
 Radiance accumulated =   2.47480725E-12
 ========================    =====================
  Progression along the line of sight :          23
  Horizontal dist. line of sight =   0.00000000      m
  Vertical dist. line of sight =   1872.50244      m
  Turning on lamps           1
  Turning on lamps           2
  Turning on lamps           3
  Turning on lamps           4
  Turning on lamps           5
  Turning on lamps           6
  Turning on lamps           7
  Turning on lamps           9
  Turning on lamps          11
  Turning on lamps          12
 Added radiance =   3.73506591E-13
 Radiance accumulated =   2.84831360E-12
 ========================    =====================
  Progression along the line of sight :          24
  Horizontal dist. line of sight =   0.00000000      m
  Vertical dist. line of sight =   2116.20264      m
  Turning on lamps           1
  Turning on lamps           2
  Turning on lamps           3
  Turning on lamps           4
  Turning on lamps           5
  Turning on lamps           6
  Turning on lamps           7
  Turning on lamps           9
  Turning on lamps          11
  Turning on lamps          12
 Added radiance =   4.17627358E-13
 Radiance accumulated =   3.26594090E-12
 ========================    =====================
  Progression along the line of sight :          25
  Horizontal dist. line of sight =   0.00000000      m
  Vertical dist. line of sight =   2389.14697      m
  Turning on lamps           1
  Turning on lamps           2
  Turning on lamps           3
  Turning on lamps           4
  Turning on lamps           5
  Turning on lamps           6
  Turning on lamps           7
  Turning on lamps           9
  Turning on lamps          11
  Turning on lamps          12
 Added radiance =   4.59914333E-13
 Radiance accumulated =   3.72585556E-12
 ========================    =====================
  Progression along the line of sight :          26
  Horizontal dist. line of sight =   0.00000000      m
  Vertical dist. line of sight =   2694.84473      m
  Turning on lamps           1
  Turning on lamps           2
  Turning on lamps           3
  Turning on lamps           4
  Turning on lamps           5
  Turning on lamps           6
  Turning on lamps           7
  Turning on lamps           9
  Turning on lamps          11
  Turning on lamps          12
 Added radiance =   5.02039111E-13
 Radiance accumulated =   4.22789451E-12
 ========================    =====================
  Progression along the line of sight :          27
  Horizontal dist. line of sight =   0.00000000      m
  Vertical dist. line of sight =   3037.22607      m
  Turning on lamps           1
  Turning on lamps           2
  Turning on lamps           3
  Turning on lamps           4
  Turning on lamps           5
  Turning on lamps           6
  Turning on lamps           7
  Turning on lamps           9
  Turning on lamps          11
  Turning on lamps          12
 Added radiance =   5.34445426E-13
 Radiance accumulated =   4.76233983E-12
 ========================    =====================
  Progression along the line of sight :          28
  Horizontal dist. line of sight =   0.00000000      m
  Vertical dist. line of sight =   3420.69336      m
  Turning on lamps           1
  Turning on lamps           2
  Turning on lamps           3
  Turning on lamps           4
  Turning on lamps           5
  Turning on lamps           6
  Turning on lamps           7
  Turning on lamps           9
  Turning on lamps          11
  Turning on lamps          12
 Added radiance =   5.60457822E-13
 Radiance accumulated =   5.32279776E-12
 ========================    =====================
  Progression along the line of sight :          29
  Horizontal dist. line of sight =   0.00000000      m
  Vertical dist. line of sight =   3850.17676      m
  Turning on lamps           1
  Turning on lamps           2
  Turning on lamps           3
  Turning on lamps           4
  Turning on lamps           5
  Turning on lamps           6
  Turning on lamps           7
  Turning on lamps           9
  Turning on lamps          11
  Turning on lamps          12
 Added radiance =   5.80601431E-13
 Radiance accumulated =   5.90339930E-12
 ========================    =====================
  Progression along the line of sight :          30
  Horizontal dist. line of sight =   0.00000000      m
  Vertical dist. line of sight =   4331.19775      m
  Turning on lamps           1
  Turning on lamps           2
  Turning on lamps           3
  Turning on lamps           4
  Turning on lamps           5
  Turning on lamps           6
  Turning on lamps           7
  Turning on lamps           9
  Turning on lamps          11
  Turning on lamps          12
 Added radiance =   5.96601382E-13
 Radiance accumulated =   6.50000062E-12
 ========================    =====================
  Progression along the line of sight :          31
  Horizontal dist. line of sight =   0.00000000      m
  Vertical dist. line of sight =   4869.94141      m
  Turning on lamps           1
  Turning on lamps           2
  Turning on lamps           3
  Turning on lamps           4
  Turning on lamps           5
  Turning on lamps           6
  Turning on lamps           7
  Turning on lamps           9
  Turning on lamps          11
  Turning on lamps          12
 Added radiance =   6.04609570E-13
 Radiance accumulated =   7.10461030E-12
 ========================    =====================
  Progression along the line of sight :          32
  Horizontal dist. line of sight =   0.00000000      m
  Vertical dist. line of sight =   5473.33398      m
  Turning on lamps           1
  Turning on lamps           2
  Turning on lamps           3
  Turning on lamps           4
  Turning on lamps           5
  Turning on lamps           6
  Turning on lamps           7
  Turning on lamps           9
  Turning on lamps          11
  Turning on lamps          12
 Added radiance =   6.05732153E-13
 Radiance accumulated =   7.71034191E-12
 ========================    =====================
  Progression along the line of sight :          33
  Horizontal dist. line of sight =   0.00000000      m
  Vertical dist. line of sight =   6149.13379      m
  Turning on lamps           1
  Turning on lamps           2
  Turning on lamps           3
  Turning on lamps           4
  Turning on lamps           5
  Turning on lamps           6
  Turning on lamps           7
  Turning on lamps           9
  Turning on lamps          11
  Turning on lamps          12
 Added radiance =   5.97957176E-13
 Radiance accumulated =   8.30829849E-12
 ========================    =====================
  Progression along the line of sight :          34
  Horizontal dist. line of sight =   0.00000000      m
  Vertical dist. line of sight =   6906.03027      m
  Turning on lamps           1
  Turning on lamps           2
  Turning on lamps           3
  Turning on lamps           4
  Turning on lamps           5
  Turning on lamps           6
  Turning on lamps           7
  Turning on lamps           9
  Turning on lamps          11
  Turning on lamps          12
 Added radiance =   5.88175721E-13
 Radiance accumulated =   8.89647470E-12
 ========================    =====================
  Progression along the line of sight :          35
  Horizontal dist. line of sight =   0.00000000      m
  Vertical dist. line of sight =   7753.75391      m
  Turning on lamps           1
  Turning on lamps           2
  Turning on lamps           3
  Turning on lamps           4
  Turning on lamps           5
  Turning on lamps           6
  Turning on lamps           7
  Turning on lamps           9
  Turning on lamps          11
  Turning on lamps          12
 Added radiance =   5.61306698E-13
 Radiance accumulated =   9.45778091E-12
 ========================    =====================
  Progression along the line of sight :          36
  Horizontal dist. line of sight =   0.00000000      m
  Vertical dist. line of sight =   8703.20410      m
  Turning on lamps           1
  Turning on lamps           2
  Turning on lamps           3
  Turning on lamps           4
  Turning on lamps           5
  Turning on lamps           6
  Turning on lamps           7
  Turning on lamps           9
  Turning on lamps          11
  Turning on lamps          12
 Added radiance =   5.20228392E-13
 Radiance accumulated =   9.97800974E-12
 ========================    =====================
  Progression along the line of sight :          37
  Horizontal dist. line of sight =   0.00000000      m
  Vertical dist. line of sight =   9766.58887      m
  Turning on lamps           1
  Turning on lamps           2
  Turning on lamps           3
  Turning on lamps           4
  Turning on lamps           5
  Turning on lamps           6
  Turning on lamps           7
  Turning on lamps           9
  Turning on lamps          11
  Turning on lamps          12
 Added radiance =   4.72983469E-13
 Radiance accumulated =   1.04509934E-11
 ========================    =====================
  Progression along the line of sight :          38
  Horizontal dist. line of sight =   0.00000000      m
  Vertical dist. line of sight =   10957.5791      m
  Turning on lamps           1
  Turning on lamps           2
  Turning on lamps           3
  Turning on lamps           4
  Turning on lamps           5
  Turning on lamps           6
  Turning on lamps           7
  Turning on lamps           9
  Turning on lamps          11
  Turning on lamps          12
 Added radiance =   4.36697011E-13
 Radiance accumulated =   1.08876901E-11
 ========================    =====================
  Progression along the line of sight :          39
  Horizontal dist. line of sight =   0.00000000      m
  Vertical dist. line of sight =   12291.4883      m
  Turning on lamps           1
  Turning on lamps           2
  Turning on lamps           3
  Turning on lamps           4
  Turning on lamps           5
  Turning on lamps           6
  Turning on lamps           7
  Turning on lamps           9
  Turning on lamps          11
  Turning on lamps          12
 Added radiance =   3.90353846E-13
 Radiance accumulated =   1.12780436E-11
 ========================    =====================
  Progression along the line of sight :          40
  Horizontal dist. line of sight =   0.00000000      m
  Vertical dist. line of sight =   13785.4668      m
  Turning on lamps           1
  Turning on lamps           2
  Turning on lamps           3
  Turning on lamps           4
  Turning on lamps           5
  Turning on lamps           6
  Turning on lamps           7
  Turning on lamps           9
  Turning on lamps          11
  Turning on lamps          12
 Added radiance =   3.24733513E-13
 Radiance accumulated =   1.16027769E-11
 ========================    =====================
  Progression along the line of sight :          41
  Horizontal dist. line of sight =   0.00000000      m
  Vertical dist. line of sight =   15458.7227      m
  Turning on lamps           1
  Turning on lamps           2
  Turning on lamps           3
  Turning on lamps           4
  Turning on lamps           5
  Turning on lamps           6
  Turning on lamps           7
  Turning on lamps           9
  Turning on lamps          11
  Turning on lamps          12
 Added radiance =   2.57661432E-13
 Radiance accumulated =   1.18604380E-11
 ========================    =====================
  Progression along the line of sight :          42
  Horizontal dist. line of sight =   0.00000000      m
  Vertical dist. line of sight =   17332.7695      m
  Turning on lamps           1
  Turning on lamps           2
  Turning on lamps           3
  Turning on lamps           4
  Turning on lamps           5
  Turning on lamps           6
  Turning on lamps           7
  Turning on lamps           9
  Turning on lamps          11
  Turning on lamps          12
 Added radiance =   1.96243046E-13
 Radiance accumulated =   1.20566803E-11
 ========================    =====================
  Progression along the line of sight :          43
  Horizontal dist. line of sight =   0.00000000      m
  Vertical dist. line of sight =   19431.7012      m
  Turning on lamps           1
  Turning on lamps           2
  Turning on lamps           3
  Turning on lamps           4
  Turning on lamps           5
  Turning on lamps           6
  Turning on lamps           7
  Turning on lamps           9
  Turning on lamps          11
  Turning on lamps          12
 Added radiance =   1.50622380E-13
 Radiance accumulated =   1.22073029E-11
 ========================    =====================
  Progression along the line of sight :          44
  Horizontal dist. line of sight =   0.00000000      m
  Vertical dist. line of sight =   21782.5059      m
  Turning on lamps           1
  Turning on lamps           2
  Turning on lamps           3
  Turning on lamps           4
  Turning on lamps           5
  Turning on lamps           6
  Turning on lamps           7
  Turning on lamps           9
  Turning on lamps          11
  Turning on lamps          12
 Added radiance =   1.00924572E-13
 Radiance accumulated =   1.23082282E-11
 ========================    =====================
  Progression along the line of sight :          45
  Horizontal dist. line of sight =   0.00000000      m
  Vertical dist. line of sight =   24415.4062      m
  Turning on lamps           1
  Turning on lamps           2
  Turning on lamps           3
  Turning on lamps           4
  Turning on lamps           5
  Turning on lamps           6
  Turning on lamps           7
  Turning on lamps           9
  Turning on lamps          11
  Turning on lamps          12
 Added radiance =   7.10415613E-14
 Radiance accumulated =   1.23792695E-11
 ========================    =====================
  Progression along the line of sight :          46
  Horizontal dist. line of sight =   0.00000000      m
  Vertical dist. line of sight =   27364.2559      m
  Turning on lamps           1
  Turning on lamps           2
  Turning on lamps           3
  Turning on lamps           4
  Turning on lamps           5
  Turning on lamps           6
  Turning on lamps           7
  Turning on lamps           9
  Turning on lamps          11
  Turning on lamps          12
 Added radiance =   4.44378455E-14
 Radiance accumulated =   1.24237070E-11
 ========================    =====================
  Progression along the line of sight :          47
  Horizontal dist. line of sight =   0.00000000      m
  Vertical dist. line of sight =   30480.0195      m
  Turning on lamps           1
  Turning on lamps           2
  Turning on lamps           3
  Turning on lamps           4
  Turning on lamps           5
  Turning on lamps           6
  Turning on lamps           7
  Turning on lamps           9
  Turning on lamps          11
  Turning on lamps          12
 Added radiance =   2.45549159E-14
 Radiance accumulated =   1.24482620E-11
 ===================================================
      Direct irradiance from sources (W/m**2/nm)
                    0.000E+00
      Direct irradiance from reflexion (W/m**2/nm)
                    0.000E+00
      Direct radiance from sources (W/str/m**2/nm)
                    0.000E+00
      Direct radiance from reflexion (W/str/m**2/nm)
                    0.000E+00
            Cloud radiance (W/str/m**2/nm)         
                    0.000E+00
          Diffuse radiance (W/str/m**2/nm)          
                    0.124E-10
