 ILLUMINA version 2.1.21w21.1a
 FILE USED:
 st_cruz_2019_pico_topogra.bin                                           aerosol.txt                                                             
 Wavelength (nm):   505.000000      Aerosol optical depth:   0.00000000    
 2nd order scattering radius:   40000.0000      m
 Observer position (x,y,z)         256         256   10.0000000    
 Elevation angle:   90.0000000      azim angle (counterclockwfrom east)   90.0000000    
 Width of the domain [NS](m):   35602.4609     #cases:         511
 Width of the domain [EO](m):   35602.4609     #cases:         511
 Size of a cell (m):   69.6721344      X    69.6721344    
 latitu center:   0.00000000    
  Turning on lamps           1
  Turning on lamps           2
  Turning on lamps           3
  Turning on lamps           4
  Turning on lamps           5
  Turning on lamps           6
  Turning on lamps           7
  Turning on lamps           8
  Turning on lamps           9
  Turning on lamps          11
  Turning on lamps          12
 ========================    =====================
  Progression along the line of sight :           1
  Horizontal dist. line of sight =   0.00000000      m
  Vertical dist. line of sight =   9.50000000      m
  Turning on lamps           1
  Turning on lamps           2
  Turning on lamps           3
  Turning on lamps           4
  Turning on lamps           5
  Turning on lamps           6
  Turning on lamps           7
  Turning on lamps           8
  Turning on lamps           9
  Turning on lamps          11
  Turning on lamps          12
 Added radiance =   0.00000000    
 Radiance accumulated =   0.00000000    
 ========================    =====================
  Progression along the line of sight :           2
  Horizontal dist. line of sight =   0.00000000      m
  Vertical dist. line of sight =   29.6398926      m
  Turning on lamps           1
  Turning on lamps           2
  Turning on lamps           3
  Turning on lamps           4
  Turning on lamps           5
  Turning on lamps           6
  Turning on lamps           7
  Turning on lamps           8
  Turning on lamps           9
  Turning on lamps          11
  Turning on lamps          12
 Added radiance =   7.32521801E-15
 Radiance accumulated =   7.32521801E-15
 ========================    =====================
  Progression along the line of sight :           3
  Horizontal dist. line of sight =   0.00000000      m
  Vertical dist. line of sight =   52.1967773      m
  Turning on lamps           1
  Turning on lamps           2
  Turning on lamps           3
  Turning on lamps           4
  Turning on lamps           5
  Turning on lamps           6
  Turning on lamps           7
  Turning on lamps           8
  Turning on lamps           9
  Turning on lamps          11
  Turning on lamps          12
 Added radiance =   9.14331070E-15
 Radiance accumulated =   1.64685296E-14
 ========================    =====================
  Progression along the line of sight :           4
  Horizontal dist. line of sight =   0.00000000      m
  Vertical dist. line of sight =   77.4604492      m
  Turning on lamps           1
  Turning on lamps           2
  Turning on lamps           3
  Turning on lamps           4
  Turning on lamps           5
  Turning on lamps           6
  Turning on lamps           7
  Turning on lamps           8
  Turning on lamps           9
  Turning on lamps          11
  Turning on lamps          12
 Added radiance =   1.19789170E-14
 Radiance accumulated =   2.84474457E-14
 ========================    =====================
  Progression along the line of sight :           5
  Horizontal dist. line of sight =   0.00000000      m
  Vertical dist. line of sight =   105.755615      m
  Turning on lamps           1
  Turning on lamps           2
  Turning on lamps           3
  Turning on lamps           4
  Turning on lamps           5
  Turning on lamps           6
  Turning on lamps           7
  Turning on lamps           8
  Turning on lamps           9
  Turning on lamps          11
  Turning on lamps          12
 Added radiance =   1.56638957E-14
 Radiance accumulated =   4.41113346E-14
 ========================    =====================
  Progression along the line of sight :           6
  Horizontal dist. line of sight =   0.00000000      m
  Vertical dist. line of sight =   137.446289      m
  Turning on lamps           1
  Turning on lamps           2
  Turning on lamps           3
  Turning on lamps           4
  Turning on lamps           5
  Turning on lamps           6
  Turning on lamps           7
  Turning on lamps           8
  Turning on lamps           9
  Turning on lamps          11
  Turning on lamps          12
 Added radiance =   2.15331886E-14
 Radiance accumulated =   6.56445249E-14
 ========================    =====================
  Progression along the line of sight :           7
  Horizontal dist. line of sight =   0.00000000      m
  Vertical dist. line of sight =   172.939941      m
  Turning on lamps           1
  Turning on lamps           2
  Turning on lamps           3
  Turning on lamps           4
  Turning on lamps           5
  Turning on lamps           6
  Turning on lamps           7
  Turning on lamps           8
  Turning on lamps           9
  Turning on lamps          11
  Turning on lamps          12
 Added radiance =   2.86308656E-14
 Radiance accumulated =   9.42753972E-14
 ========================    =====================
  Progression along the line of sight :           8
  Horizontal dist. line of sight =   0.00000000      m
  Vertical dist. line of sight =   212.692627      m
  Turning on lamps           1
  Turning on lamps           2
  Turning on lamps           3
  Turning on lamps           4
  Turning on lamps           5
  Turning on lamps           6
  Turning on lamps           7
  Turning on lamps           8
  Turning on lamps           9
  Turning on lamps          11
  Turning on lamps          12
 Added radiance =   3.81982687E-14
 Radiance accumulated =   1.32473649E-13
 ========================    =====================
  Progression along the line of sight :           9
  Horizontal dist. line of sight =   0.00000000      m
  Vertical dist. line of sight =   257.215820      m
  Turning on lamps           1
  Turning on lamps           2
  Turning on lamps           3
  Turning on lamps           4
  Turning on lamps           5
  Turning on lamps           6
  Turning on lamps           7
  Turning on lamps           8
  Turning on lamps           9
  Turning on lamps          11
  Turning on lamps          12
 Added radiance =   5.59110152E-14
 Radiance accumulated =   1.88384681E-13
 ========================    =====================
  Progression along the line of sight :          10
  Horizontal dist. line of sight =   0.00000000      m
  Vertical dist. line of sight =   307.081787      m
  Turning on lamps           1
  Turning on lamps           2
  Turning on lamps           3
  Turning on lamps           4
  Turning on lamps           5
  Turning on lamps           6
  Turning on lamps           7
  Turning on lamps           8
  Turning on lamps           9
  Turning on lamps          11
  Turning on lamps          12
 Added radiance =   6.42238880E-14
 Radiance accumulated =   2.52608562E-13
 ========================    =====================
  Progression along the line of sight :          11
  Horizontal dist. line of sight =   0.00000000      m
  Vertical dist. line of sight =   362.931641      m
  Turning on lamps           1
  Turning on lamps           2
  Turning on lamps           3
  Turning on lamps           4
  Turning on lamps           5
  Turning on lamps           6
  Turning on lamps           7
  Turning on lamps           8
  Turning on lamps           9
  Turning on lamps          11
  Turning on lamps          12
 Added radiance =   7.40335188E-14
 Radiance accumulated =   3.26642061E-13
 ========================    =====================
  Progression along the line of sight :          12
  Horizontal dist. line of sight =   0.00000000      m
  Vertical dist. line of sight =   425.483398      m
  Turning on lamps           1
  Turning on lamps           2
  Turning on lamps           3
  Turning on lamps           4
  Turning on lamps           5
  Turning on lamps           6
  Turning on lamps           7
  Turning on lamps           8
  Turning on lamps           9
  Turning on lamps          11
  Turning on lamps          12
 Added radiance =   8.50922997E-14
 Radiance accumulated =   4.11734394E-13
 ========================    =====================
  Progression along the line of sight :          13
  Horizontal dist. line of sight =   0.00000000      m
  Vertical dist. line of sight =   495.541504      m
  Turning on lamps           1
  Turning on lamps           2
  Turning on lamps           3
  Turning on lamps           4
  Turning on lamps           5
  Turning on lamps           6
  Turning on lamps           7
  Turning on lamps           8
  Turning on lamps           9
  Turning on lamps          11
  Turning on lamps          12
 Added radiance =   9.65591742E-14
 Radiance accumulated =   5.08293548E-13
 ========================    =====================
  Progression along the line of sight :          14
  Horizontal dist. line of sight =   0.00000000      m
  Vertical dist. line of sight =   574.006348      m
  Turning on lamps           1
  Turning on lamps           2
  Turning on lamps           3
  Turning on lamps           4
  Turning on lamps           5
  Turning on lamps           6
  Turning on lamps           7
  Turning on lamps           8
  Turning on lamps           9
  Turning on lamps          11
  Turning on lamps          12
 Added radiance =   1.10081608E-13
 Radiance accumulated =   6.18375197E-13
 ========================    =====================
  Progression along the line of sight :          15
  Horizontal dist. line of sight =   0.00000000      m
  Vertical dist. line of sight =   661.887207      m
  Turning on lamps           1
  Turning on lamps           2
  Turning on lamps           3
  Turning on lamps           4
  Turning on lamps           5
  Turning on lamps           6
  Turning on lamps           7
  Turning on lamps           8
  Turning on lamps           9
  Turning on lamps          11
  Turning on lamps          12
 Added radiance =   1.24755214E-13
 Radiance accumulated =   7.43130384E-13
 ========================    =====================
  Progression along the line of sight :          16
  Horizontal dist. line of sight =   0.00000000      m
  Vertical dist. line of sight =   760.313477      m
  Turning on lamps           1
  Turning on lamps           2
  Turning on lamps           3
  Turning on lamps           4
  Turning on lamps           5
  Turning on lamps           6
  Turning on lamps           7
  Turning on lamps           8
  Turning on lamps           9
  Turning on lamps          11
  Turning on lamps          12
 Added radiance =   1.41576651E-13
 Radiance accumulated =   8.84706967E-13
 ========================    =====================
  Progression along the line of sight :          17
  Horizontal dist. line of sight =   0.00000000      m
  Vertical dist. line of sight =   870.551270      m
  Turning on lamps           1
  Turning on lamps           2
  Turning on lamps           3
  Turning on lamps           4
  Turning on lamps           5
  Turning on lamps           6
  Turning on lamps           7
  Turning on lamps           8
  Turning on lamps           9
  Turning on lamps          11
  Turning on lamps          12
 Added radiance =   1.59946560E-13
 Radiance accumulated =   1.04465351E-12
 ========================    =====================
  Progression along the line of sight :          18
  Horizontal dist. line of sight =   0.00000000      m
  Vertical dist. line of sight =   994.017578      m
  Turning on lamps           1
  Turning on lamps           2
  Turning on lamps           3
  Turning on lamps           4
  Turning on lamps           5
  Turning on lamps           6
  Turning on lamps           7
  Turning on lamps           8
  Turning on lamps           9
  Turning on lamps          11
  Turning on lamps          12
 Added radiance =   1.81881962E-13
 Radiance accumulated =   1.22653547E-12
 ========================    =====================
  Progression along the line of sight :          19
  Horizontal dist. line of sight =   0.00000000      m
  Vertical dist. line of sight =   1132.29980      m
  Turning on lamps           1
  Turning on lamps           2
  Turning on lamps           3
  Turning on lamps           4
  Turning on lamps           5
  Turning on lamps           6
  Turning on lamps           7
  Turning on lamps           8
  Turning on lamps           9
  Turning on lamps          11
  Turning on lamps          12
 Added radiance =   2.05829359E-13
 Radiance accumulated =   1.43236486E-12
 ========================    =====================
  Progression along the line of sight :          20
  Horizontal dist. line of sight =   0.00000000      m
  Vertical dist. line of sight =   1287.17578      m
  Turning on lamps           1
  Turning on lamps           2
  Turning on lamps           3
  Turning on lamps           4
  Turning on lamps           5
  Turning on lamps           6
  Turning on lamps           7
  Turning on lamps           8
  Turning on lamps           9
  Turning on lamps          11
  Turning on lamps          12
 Added radiance =   2.32959377E-13
 Radiance accumulated =   1.66532413E-12
 ========================    =====================
  Progression along the line of sight :          21
  Horizontal dist. line of sight =   0.00000000      m
  Vertical dist. line of sight =   1460.63672      m
  Turning on lamps           1
  Turning on lamps           2
  Turning on lamps           3
  Turning on lamps           4
  Turning on lamps           5
  Turning on lamps           6
  Turning on lamps           7
  Turning on lamps           8
  Turning on lamps           9
  Turning on lamps          11
  Turning on lamps          12
 Added radiance =   2.62857553E-13
 Radiance accumulated =   1.92818179E-12
 ========================    =====================
  Progression along the line of sight :          22
  Horizontal dist. line of sight =   0.00000000      m
  Vertical dist. line of sight =   1654.91309      m
  Turning on lamps           1
  Turning on lamps           2
  Turning on lamps           3
  Turning on lamps           4
  Turning on lamps           5
  Turning on lamps           6
  Turning on lamps           7
  Turning on lamps           8
  Turning on lamps           9
  Turning on lamps          11
  Turning on lamps          12
 Added radiance =   2.98709272E-13
 Radiance accumulated =   2.22689120E-12
 ========================    =====================
  Progression along the line of sight :          23
  Horizontal dist. line of sight =   0.00000000      m
  Vertical dist. line of sight =   1872.50244      m
  Turning on lamps           1
  Turning on lamps           2
  Turning on lamps           3
  Turning on lamps           4
  Turning on lamps           5
  Turning on lamps           6
  Turning on lamps           7
  Turning on lamps           8
  Turning on lamps           9
  Turning on lamps          11
  Turning on lamps          12
 Added radiance =   3.34654423E-13
 Radiance accumulated =   2.56154559E-12
 ========================    =====================
  Progression along the line of sight :          24
  Horizontal dist. line of sight =   0.00000000      m
  Vertical dist. line of sight =   2116.20264      m
  Turning on lamps           1
  Turning on lamps           2
  Turning on lamps           3
  Turning on lamps           4
  Turning on lamps           5
  Turning on lamps           6
  Turning on lamps           7
  Turning on lamps           8
  Turning on lamps           9
  Turning on lamps          11
  Turning on lamps          12
 Added radiance =   3.75592515E-13
 Radiance accumulated =   2.93713816E-12
 ========================    =====================
  Progression along the line of sight :          25
  Horizontal dist. line of sight =   0.00000000      m
  Vertical dist. line of sight =   2389.14697      m
  Turning on lamps           1
  Turning on lamps           2
  Turning on lamps           3
  Turning on lamps           4
  Turning on lamps           5
  Turning on lamps           6
  Turning on lamps           7
  Turning on lamps           8
  Turning on lamps           9
  Turning on lamps          11
  Turning on lamps          12
 Added radiance =   4.16491277E-13
 Radiance accumulated =   3.35362922E-12
 ========================    =====================
  Progression along the line of sight :          26
  Horizontal dist. line of sight =   0.00000000      m
  Vertical dist. line of sight =   2694.84473      m
  Turning on lamps           1
  Turning on lamps           2
  Turning on lamps           3
  Turning on lamps           4
  Turning on lamps           5
  Turning on lamps           6
  Turning on lamps           7
  Turning on lamps           8
  Turning on lamps           9
  Turning on lamps          11
  Turning on lamps          12
 Added radiance =   4.58035194E-13
 Radiance accumulated =   3.81166453E-12
 ========================    =====================
  Progression along the line of sight :          27
  Horizontal dist. line of sight =   0.00000000      m
  Vertical dist. line of sight =   3037.22607      m
  Turning on lamps           1
  Turning on lamps           2
  Turning on lamps           3
  Turning on lamps           4
  Turning on lamps           5
  Turning on lamps           6
  Turning on lamps           7
  Turning on lamps           8
  Turning on lamps           9
  Turning on lamps          11
  Turning on lamps          12
 Added radiance =   4.91781474E-13
 Radiance accumulated =   4.30344562E-12
 ========================    =====================
  Progression along the line of sight :          28
  Horizontal dist. line of sight =   0.00000000      m
  Vertical dist. line of sight =   3420.69336      m
  Turning on lamps           1
  Turning on lamps           2
  Turning on lamps           3
  Turning on lamps           4
  Turning on lamps           5
  Turning on lamps           6
  Turning on lamps           7
  Turning on lamps           8
  Turning on lamps           9
  Turning on lamps          11
  Turning on lamps          12
 Added radiance =   5.19909690E-13
 Radiance accumulated =   4.82335526E-12
 ========================    =====================
  Progression along the line of sight :          29
  Horizontal dist. line of sight =   0.00000000      m
  Vertical dist. line of sight =   3850.17676      m
  Turning on lamps           1
  Turning on lamps           2
  Turning on lamps           3
  Turning on lamps           4
  Turning on lamps           5
  Turning on lamps           6
  Turning on lamps           7
  Turning on lamps           8
  Turning on lamps           9
  Turning on lamps          11
  Turning on lamps          12
 Added radiance =   5.42376799E-13
 Radiance accumulated =   5.36573260E-12
 ========================    =====================
  Progression along the line of sight :          30
  Horizontal dist. line of sight =   0.00000000      m
  Vertical dist. line of sight =   4331.19775      m
  Turning on lamps           1
  Turning on lamps           2
  Turning on lamps           3
  Turning on lamps           4
  Turning on lamps           5
  Turning on lamps           6
  Turning on lamps           7
  Turning on lamps           8
  Turning on lamps           9
  Turning on lamps          11
  Turning on lamps          12
 Added radiance =   5.61609244E-13
 Radiance accumulated =   5.92734152E-12
 ========================    =====================
  Progression along the line of sight :          31
  Horizontal dist. line of sight =   0.00000000      m
  Vertical dist. line of sight =   4869.94141      m
  Turning on lamps           1
  Turning on lamps           2
  Turning on lamps           3
  Turning on lamps           4
  Turning on lamps           5
  Turning on lamps           6
  Turning on lamps           7
  Turning on lamps           8
  Turning on lamps           9
  Turning on lamps          11
  Turning on lamps          12
 Added radiance =   5.72586629E-13
 Radiance accumulated =   6.49992820E-12
 ========================    =====================
  Progression along the line of sight :          32
  Horizontal dist. line of sight =   0.00000000      m
  Vertical dist. line of sight =   5473.33398      m
  Turning on lamps           1
  Turning on lamps           2
  Turning on lamps           3
  Turning on lamps           4
  Turning on lamps           5
  Turning on lamps           6
  Turning on lamps           7
  Turning on lamps           8
  Turning on lamps           9
  Turning on lamps          11
  Turning on lamps          12
 Added radiance =   5.72848626E-13
 Radiance accumulated =   7.07277726E-12
 ========================    =====================
  Progression along the line of sight :          33
  Horizontal dist. line of sight =   0.00000000      m
  Vertical dist. line of sight =   6149.13379      m
  Turning on lamps           1
  Turning on lamps           2
  Turning on lamps           3
  Turning on lamps           4
  Turning on lamps           5
  Turning on lamps           6
  Turning on lamps           7
  Turning on lamps           8
  Turning on lamps           9
  Turning on lamps          11
  Turning on lamps          12
 Added radiance =   5.62899065E-13
 Radiance accumulated =   7.63567681E-12
 ========================    =====================
  Progression along the line of sight :          34
  Horizontal dist. line of sight =   0.00000000      m
  Vertical dist. line of sight =   6906.03027      m
  Turning on lamps           1
  Turning on lamps           2
  Turning on lamps           3
  Turning on lamps           4
  Turning on lamps           5
  Turning on lamps           6
  Turning on lamps           7
  Turning on lamps           8
  Turning on lamps           9
  Turning on lamps          11
  Turning on lamps          12
 Added radiance =   5.48040834E-13
 Radiance accumulated =   8.18371759E-12
 ========================    =====================
  Progression along the line of sight :          35
  Horizontal dist. line of sight =   0.00000000      m
  Vertical dist. line of sight =   7753.75391      m
  Turning on lamps           1
  Turning on lamps           2
  Turning on lamps           3
  Turning on lamps           4
  Turning on lamps           5
  Turning on lamps           6
  Turning on lamps           7
  Turning on lamps           8
  Turning on lamps           9
  Turning on lamps          11
  Turning on lamps          12
 Added radiance =   5.23714264E-13
 Radiance accumulated =   8.70743234E-12
 ========================    =====================
  Progression along the line of sight :          36
  Horizontal dist. line of sight =   0.00000000      m
  Vertical dist. line of sight =   8703.20410      m
  Turning on lamps           1
  Turning on lamps           2
  Turning on lamps           3
  Turning on lamps           4
  Turning on lamps           5
  Turning on lamps           6
  Turning on lamps           7
  Turning on lamps           8
  Turning on lamps           9
  Turning on lamps          11
  Turning on lamps          12
 Added radiance =   4.89932801E-13
 Radiance accumulated =   9.19736422E-12
 ========================    =====================
  Progression along the line of sight :          37
  Horizontal dist. line of sight =   0.00000000      m
  Vertical dist. line of sight =   9766.58887      m
  Turning on lamps           1
  Turning on lamps           2
  Turning on lamps           3
  Turning on lamps           4
  Turning on lamps           5
  Turning on lamps           6
  Turning on lamps           7
  Turning on lamps           8
  Turning on lamps           9
  Turning on lamps          11
  Turning on lamps          12
 Added radiance =   4.48707071E-13
 Radiance accumulated =   9.64607127E-12
 ========================    =====================
  Progression along the line of sight :          38
  Horizontal dist. line of sight =   0.00000000      m
  Vertical dist. line of sight =   10957.5791      m
  Turning on lamps           1
  Turning on lamps           2
  Turning on lamps           3
  Turning on lamps           4
  Turning on lamps           5
  Turning on lamps           6
  Turning on lamps           7
  Turning on lamps           8
  Turning on lamps           9
  Turning on lamps          11
  Turning on lamps          12
 Added radiance =   4.13071812E-13
 Radiance accumulated =   1.00591436E-11
 ========================    =====================
  Progression along the line of sight :          39
  Horizontal dist. line of sight =   0.00000000      m
  Vertical dist. line of sight =   12291.4883      m
  Turning on lamps           1
  Turning on lamps           2
  Turning on lamps           3
  Turning on lamps           4
  Turning on lamps           5
  Turning on lamps           6
  Turning on lamps           7
  Turning on lamps           8
  Turning on lamps           9
  Turning on lamps          11
  Turning on lamps          12
 Added radiance =   3.65524505E-13
 Radiance accumulated =   1.04246672E-11
 ========================    =====================
  Progression along the line of sight :          40
  Horizontal dist. line of sight =   0.00000000      m
  Vertical dist. line of sight =   13785.4668      m
  Turning on lamps           1
  Turning on lamps           2
  Turning on lamps           3
  Turning on lamps           4
  Turning on lamps           5
  Turning on lamps           6
  Turning on lamps           7
  Turning on lamps           8
  Turning on lamps           9
  Turning on lamps          11
  Turning on lamps          12
 Added radiance =   3.05690233E-13
 Radiance accumulated =   1.07303584E-11
 ========================    =====================
  Progression along the line of sight :          41
  Horizontal dist. line of sight =   0.00000000      m
  Vertical dist. line of sight =   15458.7227      m
  Turning on lamps           1
  Turning on lamps           2
  Turning on lamps           3
  Turning on lamps           4
  Turning on lamps           5
  Turning on lamps           6
  Turning on lamps           7
  Turning on lamps           8
  Turning on lamps           9
  Turning on lamps          11
  Turning on lamps          12
 Added radiance =   2.44208327E-13
 Radiance accumulated =   1.09745667E-11
 ========================    =====================
  Progression along the line of sight :          42
  Horizontal dist. line of sight =   0.00000000      m
  Vertical dist. line of sight =   17332.7695      m
  Turning on lamps           1
  Turning on lamps           2
  Turning on lamps           3
  Turning on lamps           4
  Turning on lamps           5
  Turning on lamps           6
  Turning on lamps           7
  Turning on lamps           8
  Turning on lamps           9
  Turning on lamps          11
  Turning on lamps          12
 Added radiance =   1.84049160E-13
 Radiance accumulated =   1.11586148E-11
 ========================    =====================
  Progression along the line of sight :          43
  Horizontal dist. line of sight =   0.00000000      m
  Vertical dist. line of sight =   19431.7012      m
  Turning on lamps           1
  Turning on lamps           2
  Turning on lamps           3
  Turning on lamps           4
  Turning on lamps           5
  Turning on lamps           6
  Turning on lamps           7
  Turning on lamps           8
  Turning on lamps           9
  Turning on lamps          11
  Turning on lamps          12
 Added radiance =   1.42055408E-13
 Radiance accumulated =   1.13006705E-11
 ========================    =====================
  Progression along the line of sight :          44
  Horizontal dist. line of sight =   0.00000000      m
  Vertical dist. line of sight =   21782.5059      m
  Turning on lamps           1
  Turning on lamps           2
  Turning on lamps           3
  Turning on lamps           4
  Turning on lamps           5
  Turning on lamps           6
  Turning on lamps           7
  Turning on lamps           8
  Turning on lamps           9
  Turning on lamps          11
  Turning on lamps          12
 Added radiance =   9.50464208E-14
 Radiance accumulated =   1.13957160E-11
 ========================    =====================
  Progression along the line of sight :          45
  Horizontal dist. line of sight =   0.00000000      m
  Vertical dist. line of sight =   24415.4062      m
  Turning on lamps           1
  Turning on lamps           2
  Turning on lamps           3
  Turning on lamps           4
  Turning on lamps           5
  Turning on lamps           6
  Turning on lamps           7
  Turning on lamps           8
  Turning on lamps           9
  Turning on lamps          11
  Turning on lamps          12
 Added radiance =   6.69728419E-14
 Radiance accumulated =   1.14626893E-11
 ========================    =====================
  Progression along the line of sight :          46
  Horizontal dist. line of sight =   0.00000000      m
  Vertical dist. line of sight =   27364.2559      m
  Turning on lamps           1
  Turning on lamps           2
  Turning on lamps           3
  Turning on lamps           4
  Turning on lamps           5
  Turning on lamps           6
  Turning on lamps           7
  Turning on lamps           8
  Turning on lamps           9
  Turning on lamps          11
  Turning on lamps          12
 Added radiance =   4.17437793E-14
 Radiance accumulated =   1.15044328E-11
 ========================    =====================
  Progression along the line of sight :          47
  Horizontal dist. line of sight =   0.00000000      m
  Vertical dist. line of sight =   30480.0195      m
  Turning on lamps           1
  Turning on lamps           2
  Turning on lamps           3
  Turning on lamps           4
  Turning on lamps           5
  Turning on lamps           6
  Turning on lamps           7
  Turning on lamps           8
  Turning on lamps           9
  Turning on lamps          11
  Turning on lamps          12
 Added radiance =   2.32133530E-14
 Radiance accumulated =   1.15276460E-11
 ===================================================
      Direct irradiance from sources (W/m**2/nm)
                    0.000E+00
      Direct irradiance from reflexion (W/m**2/nm)
                    0.000E+00
      Direct radiance from sources (W/str/m**2/nm)
                    0.000E+00
      Direct radiance from reflexion (W/str/m**2/nm)
                    0.000E+00
            Cloud radiance (W/str/m**2/nm)         
                    0.000E+00
          Diffuse radiance (W/str/m**2/nm)          
                    0.115E-10
