 ILLUMINA version 2.1.21w21.1a
 FILE USED:
 st_cruz_2019_pico_topogra.bin                                           aerosol.txt                                                             
 Wavelength (nm):   505.000000      Aerosol optical depth:  0.129226178    
 2nd order scattering radius:   40000.0000      m
 Observer position (x,y,z)         256         256   10.0000000    
 Elevation angle:   90.0000000      azim angle (counterclockwfrom east)   90.0000000    
 Width of the domain [NS](m):   69128.6641     #cases:         511
 Width of the domain [EO](m):   69128.6641     #cases:         511
 Size of a cell (m):   135.281143      X    135.281143    
 latitu center:   0.00000000    
  Turning on lamps           1
  Turning on lamps           2
  Turning on lamps           3
  Turning on lamps           4
  Turning on lamps           5
  Turning on lamps           6
  Turning on lamps           7
  Turning on lamps           8
  Turning on lamps           9
  Turning on lamps          10
  Turning on lamps          11
  Turning on lamps          12
 ========================    =====================
  Progression along the line of sight :           1
  Horizontal dist. line of sight =   0.00000000      m
  Vertical dist. line of sight =   9.50000000      m
  Turning on lamps           1
  Turning on lamps           2
  Turning on lamps           3
  Turning on lamps           4
  Turning on lamps           5
  Turning on lamps           6
  Turning on lamps           7
  Turning on lamps           8
  Turning on lamps           9
  Turning on lamps          10
  Turning on lamps          11
  Turning on lamps          12
 Added radiance =   0.00000000    
 Radiance accumulated =   0.00000000    
 ========================    =====================
  Progression along the line of sight :           2
  Horizontal dist. line of sight =   0.00000000      m
  Vertical dist. line of sight =   29.6398926      m
  Turning on lamps           1
  Turning on lamps           2
  Turning on lamps           3
  Turning on lamps           4
  Turning on lamps           5
  Turning on lamps           6
  Turning on lamps           7
  Turning on lamps           8
  Turning on lamps           9
  Turning on lamps          10
  Turning on lamps          11
  Turning on lamps          12
 Added radiance =   5.54495923E-14
 Radiance accumulated =   5.54495923E-14
 ========================    =====================
  Progression along the line of sight :           3
  Horizontal dist. line of sight =   0.00000000      m
  Vertical dist. line of sight =   52.1967773      m
  Turning on lamps           1
  Turning on lamps           2
  Turning on lamps           3
  Turning on lamps           4
  Turning on lamps           5
  Turning on lamps           6
  Turning on lamps           7
  Turning on lamps           8
  Turning on lamps           9
  Turning on lamps          10
  Turning on lamps          11
  Turning on lamps          12
 Added radiance =   8.41553322E-14
 Radiance accumulated =   1.39604921E-13
 ========================    =====================
  Progression along the line of sight :           4
  Horizontal dist. line of sight =   0.00000000      m
  Vertical dist. line of sight =   77.4604492      m
  Turning on lamps           1
  Turning on lamps           2
  Turning on lamps           3
  Turning on lamps           4
  Turning on lamps           5
  Turning on lamps           6
  Turning on lamps           7
  Turning on lamps           8
  Turning on lamps           9
  Turning on lamps          10
  Turning on lamps          11
  Turning on lamps          12
 Added radiance =   9.70449646E-14
 Radiance accumulated =   2.36649892E-13
 ========================    =====================
  Progression along the line of sight :           5
  Horizontal dist. line of sight =   0.00000000      m
  Vertical dist. line of sight =   105.755615      m
  Turning on lamps           1
  Turning on lamps           2
  Turning on lamps           3
  Turning on lamps           4
  Turning on lamps           5
  Turning on lamps           6
  Turning on lamps           7
  Turning on lamps           8
  Turning on lamps           9
  Turning on lamps          10
  Turning on lamps          11
  Turning on lamps          12
 Added radiance =   1.17743231E-13
 Radiance accumulated =   3.54393110E-13
 ========================    =====================
  Progression along the line of sight :           6
  Horizontal dist. line of sight =   0.00000000      m
  Vertical dist. line of sight =   137.446289      m
  Turning on lamps           1
  Turning on lamps           2
  Turning on lamps           3
  Turning on lamps           4
  Turning on lamps           5
  Turning on lamps           6
  Turning on lamps           7
  Turning on lamps           8
  Turning on lamps           9
  Turning on lamps          10
  Turning on lamps          11
  Turning on lamps          12
 Added radiance =   1.41100361E-13
 Radiance accumulated =   4.95493457E-13
 ========================    =====================
  Progression along the line of sight :           7
  Horizontal dist. line of sight =   0.00000000      m
  Vertical dist. line of sight =   172.939941      m
  Turning on lamps           1
  Turning on lamps           2
  Turning on lamps           3
  Turning on lamps           4
  Turning on lamps           5
  Turning on lamps           6
  Turning on lamps           7
  Turning on lamps           8
  Turning on lamps           9
  Turning on lamps          10
  Turning on lamps          11
  Turning on lamps          12
 Added radiance =   1.70627970E-13
 Radiance accumulated =   6.66121455E-13
 ========================    =====================
  Progression along the line of sight :           8
  Horizontal dist. line of sight =   0.00000000      m
  Vertical dist. line of sight =   212.692627      m
  Turning on lamps           1
  Turning on lamps           2
  Turning on lamps           3
  Turning on lamps           4
  Turning on lamps           5
  Turning on lamps           6
  Turning on lamps           7
  Turning on lamps           8
  Turning on lamps           9
  Turning on lamps          10
  Turning on lamps          11
  Turning on lamps          12
 Added radiance =   2.01411465E-13
 Radiance accumulated =   8.67532934E-13
 ========================    =====================
  Progression along the line of sight :           9
  Horizontal dist. line of sight =   0.00000000      m
  Vertical dist. line of sight =   257.215820      m
  Turning on lamps           1
  Turning on lamps           2
  Turning on lamps           3
  Turning on lamps           4
  Turning on lamps           5
  Turning on lamps           6
  Turning on lamps           7
  Turning on lamps           8
  Turning on lamps           9
  Turning on lamps          10
  Turning on lamps          11
  Turning on lamps          12
 Added radiance =   2.29936756E-13
 Radiance accumulated =   1.09746966E-12
 ========================    =====================
  Progression along the line of sight :          10
  Horizontal dist. line of sight =   0.00000000      m
  Vertical dist. line of sight =   307.081787      m
  Turning on lamps           1
  Turning on lamps           2
  Turning on lamps           3
  Turning on lamps           4
  Turning on lamps           5
  Turning on lamps           6
  Turning on lamps           7
  Turning on lamps           8
  Turning on lamps           9
  Turning on lamps          10
  Turning on lamps          11
  Turning on lamps          12
 Added radiance =   2.62204998E-13
 Radiance accumulated =   1.35967463E-12
 ========================    =====================
  Progression along the line of sight :          11
  Horizontal dist. line of sight =   0.00000000      m
  Vertical dist. line of sight =   362.931641      m
  Turning on lamps           1
  Turning on lamps           2
  Turning on lamps           3
  Turning on lamps           4
  Turning on lamps           5
  Turning on lamps           6
  Turning on lamps           7
  Turning on lamps           8
  Turning on lamps           9
  Turning on lamps          10
  Turning on lamps          11
  Turning on lamps          12
 Added radiance =   2.95316126E-13
 Radiance accumulated =   1.65499071E-12
 ========================    =====================
  Progression along the line of sight :          12
  Horizontal dist. line of sight =   0.00000000      m
  Vertical dist. line of sight =   425.483398      m
  Turning on lamps           1
  Turning on lamps           2
  Turning on lamps           3
  Turning on lamps           4
  Turning on lamps           5
  Turning on lamps           6
  Turning on lamps           7
  Turning on lamps           8
  Turning on lamps           9
  Turning on lamps          10
  Turning on lamps          11
  Turning on lamps          12
 Added radiance =   3.35917600E-13
 Radiance accumulated =   1.99090809E-12
 ========================    =====================
  Progression along the line of sight :          13
  Horizontal dist. line of sight =   0.00000000      m
  Vertical dist. line of sight =   495.541504      m
  Turning on lamps           1
  Turning on lamps           2
  Turning on lamps           3
  Turning on lamps           4
  Turning on lamps           5
  Turning on lamps           6
  Turning on lamps           7
  Turning on lamps           8
  Turning on lamps           9
  Turning on lamps          10
  Turning on lamps          11
  Turning on lamps          12
 Added radiance =   3.81411916E-13
 Radiance accumulated =   2.37232022E-12
 ========================    =====================
  Progression along the line of sight :          14
  Horizontal dist. line of sight =   0.00000000      m
  Vertical dist. line of sight =   574.006348      m
  Turning on lamps           1
  Turning on lamps           2
  Turning on lamps           3
  Turning on lamps           4
  Turning on lamps           5
  Turning on lamps           6
  Turning on lamps           7
  Turning on lamps           8
  Turning on lamps           9
  Turning on lamps          10
  Turning on lamps          11
  Turning on lamps          12
 Added radiance =   4.33939560E-13
 Radiance accumulated =   2.80625957E-12
 ========================    =====================
  Progression along the line of sight :          15
  Horizontal dist. line of sight =   0.00000000      m
  Vertical dist. line of sight =   661.887207      m
  Turning on lamps           1
  Turning on lamps           2
  Turning on lamps           3
  Turning on lamps           4
  Turning on lamps           5
  Turning on lamps           6
  Turning on lamps           7
  Turning on lamps           8
  Turning on lamps           9
  Turning on lamps          10
  Turning on lamps          11
  Turning on lamps          12
 Added radiance =   4.87343672E-13
 Radiance accumulated =   3.29360345E-12
 ========================    =====================
  Progression along the line of sight :          16
  Horizontal dist. line of sight =   0.00000000      m
  Vertical dist. line of sight =   760.313477      m
  Turning on lamps           1
  Turning on lamps           2
  Turning on lamps           3
  Turning on lamps           4
  Turning on lamps           5
  Turning on lamps           6
  Turning on lamps           7
  Turning on lamps           8
  Turning on lamps           9
  Turning on lamps          10
  Turning on lamps          11
  Turning on lamps          12
 Added radiance =   5.45126227E-13
 Radiance accumulated =   3.83872968E-12
 ========================    =====================
  Progression along the line of sight :          17
  Horizontal dist. line of sight =   0.00000000      m
  Vertical dist. line of sight =   870.551270      m
  Turning on lamps           1
  Turning on lamps           2
  Turning on lamps           3
  Turning on lamps           4
  Turning on lamps           5
  Turning on lamps           6
  Turning on lamps           7
  Turning on lamps           8
  Turning on lamps           9
  Turning on lamps          10
  Turning on lamps          11
  Turning on lamps          12
 Added radiance =   6.06378988E-13
 Radiance accumulated =   4.44510878E-12
 ========================    =====================
  Progression along the line of sight :          18
  Horizontal dist. line of sight =   0.00000000      m
  Vertical dist. line of sight =   994.017578      m
  Turning on lamps           1
  Turning on lamps           2
  Turning on lamps           3
  Turning on lamps           4
  Turning on lamps           5
  Turning on lamps           6
  Turning on lamps           7
  Turning on lamps           8
  Turning on lamps           9
  Turning on lamps          10
  Turning on lamps          11
  Turning on lamps          12
 Added radiance =   6.76323255E-13
 Radiance accumulated =   5.12143236E-12
 ========================    =====================
  Progression along the line of sight :          19
  Horizontal dist. line of sight =   0.00000000      m
  Vertical dist. line of sight =   1132.29980      m
  Turning on lamps           1
  Turning on lamps           2
  Turning on lamps           3
  Turning on lamps           4
  Turning on lamps           5
  Turning on lamps           6
  Turning on lamps           7
  Turning on lamps           8
  Turning on lamps           9
  Turning on lamps          10
  Turning on lamps          11
  Turning on lamps          12
 Added radiance =   7.50998927E-13
 Radiance accumulated =   5.87243058E-12
 ========================    =====================
  Progression along the line of sight :          20
  Horizontal dist. line of sight =   0.00000000      m
  Vertical dist. line of sight =   1287.17578      m
  Turning on lamps           1
  Turning on lamps           2
  Turning on lamps           3
  Turning on lamps           4
  Turning on lamps           5
  Turning on lamps           6
  Turning on lamps           7
  Turning on lamps           8
  Turning on lamps           9
  Turning on lamps          10
  Turning on lamps          11
  Turning on lamps          12
 Added radiance =   8.37007005E-13
 Radiance accumulated =   6.70943769E-12
 ========================    =====================
  Progression along the line of sight :          21
  Horizontal dist. line of sight =   0.00000000      m
  Vertical dist. line of sight =   1460.63672      m
  Turning on lamps           1
  Turning on lamps           2
  Turning on lamps           3
  Turning on lamps           4
  Turning on lamps           5
  Turning on lamps           6
  Turning on lamps           7
  Turning on lamps           8
  Turning on lamps           9
  Turning on lamps          10
  Turning on lamps          11
  Turning on lamps          12
 Added radiance =   9.24695325E-13
 Radiance accumulated =   7.63413291E-12
 ========================    =====================
  Progression along the line of sight :          22
  Horizontal dist. line of sight =   0.00000000      m
  Vertical dist. line of sight =   1654.91309      m
  Turning on lamps           1
  Turning on lamps           2
  Turning on lamps           3
  Turning on lamps           4
  Turning on lamps           5
  Turning on lamps           6
  Turning on lamps           7
  Turning on lamps           8
  Turning on lamps           9
  Turning on lamps          10
  Turning on lamps          11
  Turning on lamps          12
 Added radiance =   1.04875516E-12
 Radiance accumulated =   8.68288774E-12
 ========================    =====================
  Progression along the line of sight :          23
  Horizontal dist. line of sight =   0.00000000      m
  Vertical dist. line of sight =   1872.50244      m
  Turning on lamps           1
  Turning on lamps           2
  Turning on lamps           3
  Turning on lamps           4
  Turning on lamps           5
  Turning on lamps           6
  Turning on lamps           7
  Turning on lamps           8
  Turning on lamps           9
  Turning on lamps          10
  Turning on lamps          11
  Turning on lamps          12
 Added radiance =   1.20821322E-12
 Radiance accumulated =   9.89110183E-12
 ========================    =====================
  Progression along the line of sight :          24
  Horizontal dist. line of sight =   0.00000000      m
  Vertical dist. line of sight =   2116.20264      m
  Turning on lamps           1
  Turning on lamps           2
  Turning on lamps           3
  Turning on lamps           4
  Turning on lamps           5
  Turning on lamps           6
  Turning on lamps           7
  Turning on lamps           8
  Turning on lamps           9
  Turning on lamps          10
  Turning on lamps          11
  Turning on lamps          12
 Added radiance =   1.37101322E-12
 Radiance accumulated =   1.12621154E-11
 ========================    =====================
  Progression along the line of sight :          25
  Horizontal dist. line of sight =   0.00000000      m
  Vertical dist. line of sight =   2389.14697      m
  Turning on lamps           1
  Turning on lamps           2
  Turning on lamps           3
  Turning on lamps           4
  Turning on lamps           5
  Turning on lamps           6
  Turning on lamps           7
  Turning on lamps           8
  Turning on lamps           9
  Turning on lamps          10
  Turning on lamps          11
  Turning on lamps          12
 Added radiance =   1.49904275E-12
 Radiance accumulated =   1.27611584E-11
 ========================    =====================
  Progression along the line of sight :          26
  Horizontal dist. line of sight =   0.00000000      m
  Vertical dist. line of sight =   2694.84473      m
  Turning on lamps           1
  Turning on lamps           2
  Turning on lamps           3
  Turning on lamps           4
  Turning on lamps           5
  Turning on lamps           6
  Turning on lamps           7
  Turning on lamps           8
  Turning on lamps           9
  Turning on lamps          10
  Turning on lamps          11
  Turning on lamps          12
 Added radiance =   1.62709321E-12
 Radiance accumulated =   1.43882501E-11
 ========================    =====================
  Progression along the line of sight :          27
  Horizontal dist. line of sight =   0.00000000      m
  Vertical dist. line of sight =   3037.22607      m
  Turning on lamps           1
  Turning on lamps           2
  Turning on lamps           3
  Turning on lamps           4
  Turning on lamps           5
  Turning on lamps           6
  Turning on lamps           7
  Turning on lamps           8
  Turning on lamps           9
  Turning on lamps          10
  Turning on lamps          11
  Turning on lamps          12
 Added radiance =   1.74593413E-12
 Radiance accumulated =   1.61341843E-11
 ========================    =====================
  Progression along the line of sight :          28
  Horizontal dist. line of sight =   0.00000000      m
  Vertical dist. line of sight =   3420.69336      m
  Turning on lamps           1
  Turning on lamps           2
  Turning on lamps           3
  Turning on lamps           4
  Turning on lamps           5
  Turning on lamps           6
  Turning on lamps           7
  Turning on lamps           8
  Turning on lamps           9
  Turning on lamps          10
  Turning on lamps          11
  Turning on lamps          12
 Added radiance =   1.85650432E-12
 Radiance accumulated =   1.79906888E-11
 ========================    =====================
  Progression along the line of sight :          29
  Horizontal dist. line of sight =   0.00000000      m
  Vertical dist. line of sight =   3850.17676      m
  Turning on lamps           1
  Turning on lamps           2
  Turning on lamps           3
  Turning on lamps           4
  Turning on lamps           5
  Turning on lamps           6
  Turning on lamps           7
  Turning on lamps           8
  Turning on lamps           9
  Turning on lamps          10
  Turning on lamps          11
  Turning on lamps          12
 Added radiance =   1.97376187E-12
 Radiance accumulated =   1.99644520E-11
 ========================    =====================
  Progression along the line of sight :          30
  Horizontal dist. line of sight =   0.00000000      m
  Vertical dist. line of sight =   4331.19775      m
  Turning on lamps           1
  Turning on lamps           2
  Turning on lamps           3
  Turning on lamps           4
  Turning on lamps           5
  Turning on lamps           6
  Turning on lamps           7
  Turning on lamps           8
  Turning on lamps           9
  Turning on lamps          10
  Turning on lamps          11
  Turning on lamps          12
 Added radiance =   2.09518687E-12
 Radiance accumulated =   2.20596371E-11
 ========================    =====================
  Progression along the line of sight :          31
  Horizontal dist. line of sight =   0.00000000      m
  Vertical dist. line of sight =   4869.94141      m
  Turning on lamps           1
  Turning on lamps           2
  Turning on lamps           3
  Turning on lamps           4
  Turning on lamps           5
  Turning on lamps           6
  Turning on lamps           7
  Turning on lamps           8
  Turning on lamps           9
  Turning on lamps          10
  Turning on lamps          11
  Turning on lamps          12
 Added radiance =   2.35266971E-12
 Radiance accumulated =   2.44123072E-11
 ========================    =====================
  Progression along the line of sight :          32
  Horizontal dist. line of sight =   0.00000000      m
  Vertical dist. line of sight =   5473.33398      m
  Turning on lamps           1
  Turning on lamps           2
  Turning on lamps           3
  Turning on lamps           4
  Turning on lamps           5
  Turning on lamps           6
  Turning on lamps           7
  Turning on lamps           8
  Turning on lamps           9
  Turning on lamps          10
  Turning on lamps          11
  Turning on lamps          12
 Added radiance =   2.56064527E-12
 Radiance accumulated =   2.69729534E-11
 ========================    =====================
  Progression along the line of sight :          33
  Horizontal dist. line of sight =   0.00000000      m
  Vertical dist. line of sight =   6149.13379      m
  Turning on lamps           1
  Turning on lamps           2
  Turning on lamps           3
  Turning on lamps           4
  Turning on lamps           5
  Turning on lamps           6
  Turning on lamps           7
  Turning on lamps           8
  Turning on lamps           9
  Turning on lamps          10
  Turning on lamps          11
  Turning on lamps          12
 Added radiance =   2.65636081E-12
 Radiance accumulated =   2.96293164E-11
 ========================    =====================
  Progression along the line of sight :          34
  Horizontal dist. line of sight =   0.00000000      m
  Vertical dist. line of sight =   6906.03027      m
  Turning on lamps           1
  Turning on lamps           2
  Turning on lamps           3
  Turning on lamps           4
  Turning on lamps           5
  Turning on lamps           6
  Turning on lamps           7
  Turning on lamps           8
  Turning on lamps           9
  Turning on lamps          10
  Turning on lamps          11
  Turning on lamps          12
 Added radiance =   2.67131738E-12
 Radiance accumulated =   3.23006344E-11
 ========================    =====================
  Progression along the line of sight :          35
  Horizontal dist. line of sight =   0.00000000      m
  Vertical dist. line of sight =   7753.75391      m
  Turning on lamps           1
  Turning on lamps           2
  Turning on lamps           3
  Turning on lamps           4
  Turning on lamps           5
  Turning on lamps           6
  Turning on lamps           7
  Turning on lamps           8
  Turning on lamps           9
  Turning on lamps          10
  Turning on lamps          11
  Turning on lamps          12
 Added radiance =   2.60983054E-12
 Radiance accumulated =   3.49104669E-11
 ========================    =====================
  Progression along the line of sight :          36
  Horizontal dist. line of sight =   0.00000000      m
  Vertical dist. line of sight =   8703.20410      m
  Turning on lamps           1
  Turning on lamps           2
  Turning on lamps           3
  Turning on lamps           4
  Turning on lamps           5
  Turning on lamps           6
  Turning on lamps           7
  Turning on lamps           8
  Turning on lamps           9
  Turning on lamps          10
  Turning on lamps          11
  Turning on lamps          12
 Added radiance =   2.52604448E-12
 Radiance accumulated =   3.74365088E-11
 ========================    =====================
  Progression along the line of sight :          37
  Horizontal dist. line of sight =   0.00000000      m
  Vertical dist. line of sight =   9766.58887      m
  Turning on lamps           1
  Turning on lamps           2
  Turning on lamps           3
  Turning on lamps           4
  Turning on lamps           5
  Turning on lamps           6
  Turning on lamps           7
  Turning on lamps           8
  Turning on lamps           9
  Turning on lamps          10
  Turning on lamps          11
  Turning on lamps          12
 Added radiance =   2.51280637E-12
 Radiance accumulated =   3.99493147E-11
 ========================    =====================
  Progression along the line of sight :          38
  Horizontal dist. line of sight =   0.00000000      m
  Vertical dist. line of sight =   10957.5791      m
  Turning on lamps           1
  Turning on lamps           2
  Turning on lamps           3
  Turning on lamps           4
  Turning on lamps           5
  Turning on lamps           6
  Turning on lamps           7
  Turning on lamps           8
  Turning on lamps           9
  Turning on lamps          10
  Turning on lamps          11
  Turning on lamps          12
 Added radiance =   2.52006142E-12
 Radiance accumulated =   4.24693752E-11
 ========================    =====================
  Progression along the line of sight :          39
  Horizontal dist. line of sight =   0.00000000      m
  Vertical dist. line of sight =   12291.4883      m
  Turning on lamps           1
  Turning on lamps           2
  Turning on lamps           3
  Turning on lamps           4
  Turning on lamps           5
  Turning on lamps           6
  Turning on lamps           7
  Turning on lamps           8
  Turning on lamps           9
  Turning on lamps          10
  Turning on lamps          11
  Turning on lamps          12
 Added radiance =   2.28317885E-12
 Radiance accumulated =   4.47525558E-11
 ========================    =====================
  Progression along the line of sight :          40
  Horizontal dist. line of sight =   0.00000000      m
  Vertical dist. line of sight =   13785.4668      m
  Turning on lamps           1
  Turning on lamps           2
  Turning on lamps           3
  Turning on lamps           4
  Turning on lamps           5
  Turning on lamps           6
  Turning on lamps           7
  Turning on lamps           8
  Turning on lamps           9
  Turning on lamps          10
  Turning on lamps          11
  Turning on lamps          12
 Added radiance =   2.06924625E-12
 Radiance accumulated =   4.68217999E-11
 ========================    =====================
  Progression along the line of sight :          41
  Horizontal dist. line of sight =   0.00000000      m
  Vertical dist. line of sight =   15458.7227      m
  Turning on lamps           1
  Turning on lamps           2
  Turning on lamps           3
  Turning on lamps           4
  Turning on lamps           5
  Turning on lamps           6
  Turning on lamps           7
  Turning on lamps           8
  Turning on lamps           9
  Turning on lamps          10
  Turning on lamps          11
  Turning on lamps          12
 Added radiance =   2.00859446E-12
 Radiance accumulated =   4.88303981E-11
 ========================    =====================
  Progression along the line of sight :          42
  Horizontal dist. line of sight =   0.00000000      m
  Vertical dist. line of sight =   17332.7695      m
  Turning on lamps           1
  Turning on lamps           2
  Turning on lamps           3
  Turning on lamps           4
  Turning on lamps           5
  Turning on lamps           6
  Turning on lamps           7
  Turning on lamps           8
  Turning on lamps           9
  Turning on lamps          10
  Turning on lamps          11
  Turning on lamps          12
 Added radiance =   1.65615080E-12
 Radiance accumulated =   5.04865455E-11
 ========================    =====================
  Progression along the line of sight :          43
  Horizontal dist. line of sight =   0.00000000      m
  Vertical dist. line of sight =   19431.7012      m
  Turning on lamps           1
  Turning on lamps           2
  Turning on lamps           3
  Turning on lamps           4
  Turning on lamps           5
  Turning on lamps           6
  Turning on lamps           7
  Turning on lamps           8
  Turning on lamps           9
  Turning on lamps          10
  Turning on lamps          11
  Turning on lamps          12
 Added radiance =   1.40333155E-12
 Radiance accumulated =   5.18898778E-11
 ========================    =====================
  Progression along the line of sight :          44
  Horizontal dist. line of sight =   0.00000000      m
  Vertical dist. line of sight =   21782.5059      m
  Turning on lamps           1
  Turning on lamps           2
  Turning on lamps           3
  Turning on lamps           4
  Turning on lamps           5
  Turning on lamps           6
  Turning on lamps           7
  Turning on lamps           8
  Turning on lamps           9
  Turning on lamps          10
  Turning on lamps          11
  Turning on lamps          12
 Added radiance =   1.15265057E-12
 Radiance accumulated =   5.30425287E-11
 ========================    =====================
  Progression along the line of sight :          45
  Horizontal dist. line of sight =   0.00000000      m
  Vertical dist. line of sight =   24415.4062      m
  Turning on lamps           1
  Turning on lamps           2
  Turning on lamps           3
  Turning on lamps           4
  Turning on lamps           5
  Turning on lamps           6
  Turning on lamps           7
  Turning on lamps           8
  Turning on lamps           9
  Turning on lamps          10
  Turning on lamps          11
  Turning on lamps          12
 Added radiance =   1.03211840E-12
 Radiance accumulated =   5.40746510E-11
 ========================    =====================
  Progression along the line of sight :          46
  Horizontal dist. line of sight =   0.00000000      m
  Vertical dist. line of sight =   27364.2559      m
  Turning on lamps           1
  Turning on lamps           2
  Turning on lamps           3
  Turning on lamps           4
  Turning on lamps           5
  Turning on lamps           6
  Turning on lamps           7
  Turning on lamps           8
  Turning on lamps           9
  Turning on lamps          10
  Turning on lamps          11
  Turning on lamps          12
 Added radiance =   7.05122972E-13
 Radiance accumulated =   5.47797745E-11
 ========================    =====================
  Progression along the line of sight :          47
  Horizontal dist. line of sight =   0.00000000      m
  Vertical dist. line of sight =   30480.0195      m
  Turning on lamps           1
  Turning on lamps           2
  Turning on lamps           3
  Turning on lamps           4
  Turning on lamps           5
  Turning on lamps           6
  Turning on lamps           7
  Turning on lamps           8
  Turning on lamps           9
  Turning on lamps          10
  Turning on lamps          11
  Turning on lamps          12
 Added radiance =   4.22182661E-13
 Radiance accumulated =   5.52019541E-11
 ===================================================
      Direct irradiance from sources (W/m**2/nm)
                    0.000E+00
      Direct irradiance from reflexion (W/m**2/nm)
                    0.000E+00
      Direct radiance from sources (W/str/m**2/nm)
                    0.000E+00
      Direct radiance from reflexion (W/str/m**2/nm)
                    0.000E+00
            Cloud radiance (W/str/m**2/nm)         
                    0.000E+00
          Diffuse radiance (W/str/m**2/nm)          
                    0.552E-10
