 ILLUMINA version 2.1.21w21.1a
 FILE USED:
 st_cruz_2019_topogra.bin                                                aerosol.txt                                                             
 Wavelength (nm):   505.000000      Aerosol optical depth:   0.00000000    
 2nd order scattering radius:   40000.0000      m
 Observer position (x,y,z)         256         256   10.0000000    
 Elevation angle:   90.0000000      azim angle (counterclockwfrom east)   90.0000000    
 Width of the domain [NS](m):   25550.0000     #cases:         511
 Width of the domain [EO](m):   25550.0000     #cases:         511
 Size of a cell (m):   50.0000000      X    50.0000000    
 latitu center:   0.00000000    
  Turning on lamps           1
  Turning on lamps           2
  Turning on lamps           3
  Turning on lamps           4
  Turning on lamps           5
  Turning on lamps           7
  Turning on lamps           8
  Turning on lamps           9
  Turning on lamps          10
  Turning on lamps          11
 ========================    =====================
  Progression along the line of sight :           1
  Horizontal dist. line of sight =   0.00000000      m
  Vertical dist. line of sight =   9.50000000      m
  Turning on lamps           1
  Turning on lamps           2
  Turning on lamps           3
  Turning on lamps           4
  Turning on lamps           5
  Turning on lamps           7
  Turning on lamps           8
  Turning on lamps           9
  Turning on lamps          10
  Turning on lamps          11
 Added radiance =   0.00000000    
 Radiance accumulated =   0.00000000    
 ========================    =====================
  Progression along the line of sight :           2
  Horizontal dist. line of sight =   0.00000000      m
  Vertical dist. line of sight =   29.6399994      m
  Turning on lamps           1
  Turning on lamps           2
  Turning on lamps           3
  Turning on lamps           4
  Turning on lamps           5
  Turning on lamps           7
  Turning on lamps           8
  Turning on lamps           9
  Turning on lamps          10
  Turning on lamps          11
 Added radiance =   1.38651396E-10
 Radiance accumulated =   1.38651396E-10
 ========================    =====================
  Progression along the line of sight :           3
  Horizontal dist. line of sight =   0.00000000      m
  Vertical dist. line of sight =   52.1968002      m
  Turning on lamps           1
  Turning on lamps           2
  Turning on lamps           3
  Turning on lamps           4
  Turning on lamps           5
  Turning on lamps           7
  Turning on lamps           8
  Turning on lamps           9
  Turning on lamps          10
  Turning on lamps          11
 Added radiance =   7.62671454E-11
 Radiance accumulated =   2.14918555E-10
 ========================    =====================
  Progression along the line of sight :           4
  Horizontal dist. line of sight =   0.00000000      m
  Vertical dist. line of sight =   77.4604187      m
  Turning on lamps           1
  Turning on lamps           2
  Turning on lamps           3
  Turning on lamps           4
  Turning on lamps           5
  Turning on lamps           7
  Turning on lamps           8
  Turning on lamps           9
  Turning on lamps          10
  Turning on lamps          11
 Added radiance =   1.10205914E-10
 Radiance accumulated =   3.25124455E-10
 ========================    =====================
  Progression along the line of sight :           5
  Horizontal dist. line of sight =   0.00000000      m
  Vertical dist. line of sight =   105.755676      m
  Turning on lamps           1
  Turning on lamps           2
  Turning on lamps           3
  Turning on lamps           4
  Turning on lamps           5
  Turning on lamps           7
  Turning on lamps           8
  Turning on lamps           9
  Turning on lamps          10
  Turning on lamps          11
 Added radiance =   1.24183122E-10
 Radiance accumulated =   4.49307536E-10
 ========================    =====================
  Progression along the line of sight :           6
  Horizontal dist. line of sight =   0.00000000      m
  Vertical dist. line of sight =   137.446350      m
  Turning on lamps           1
  Turning on lamps           2
  Turning on lamps           3
  Turning on lamps           4
  Turning on lamps           5
  Turning on lamps           7
  Turning on lamps           8
  Turning on lamps           9
  Turning on lamps          10
  Turning on lamps          11
 Added radiance =   1.28023994E-10
 Radiance accumulated =   5.77331571E-10
 ========================    =====================
  Progression along the line of sight :           7
  Horizontal dist. line of sight =   0.00000000      m
  Vertical dist. line of sight =   172.939911      m
  Turning on lamps           1
  Turning on lamps           2
  Turning on lamps           3
  Turning on lamps           4
  Turning on lamps           5
  Turning on lamps           7
  Turning on lamps           8
  Turning on lamps           9
  Turning on lamps          10
  Turning on lamps          11
 Added radiance =   1.48202409E-10
 Radiance accumulated =   7.25533966E-10
 ========================    =====================
  Progression along the line of sight :           8
  Horizontal dist. line of sight =   0.00000000      m
  Vertical dist. line of sight =   212.692703      m
  Turning on lamps           1
  Turning on lamps           2
  Turning on lamps           3
  Turning on lamps           4
  Turning on lamps           5
  Turning on lamps           7
  Turning on lamps           8
  Turning on lamps           9
  Turning on lamps          10
  Turning on lamps          11
 Added radiance =   1.59515179E-10
 Radiance accumulated =   8.85049201E-10
 ========================    =====================
  Progression along the line of sight :           9
  Horizontal dist. line of sight =   0.00000000      m
  Vertical dist. line of sight =   257.215820      m
  Turning on lamps           1
  Turning on lamps           2
  Turning on lamps           3
  Turning on lamps           4
  Turning on lamps           5
  Turning on lamps           7
  Turning on lamps           8
  Turning on lamps           9
  Turning on lamps          10
  Turning on lamps          11
 Added radiance =   1.88315349E-10
 Radiance accumulated =   1.07336451E-09
 ========================    =====================
  Progression along the line of sight :          10
  Horizontal dist. line of sight =   0.00000000      m
  Vertical dist. line of sight =   307.081726      m
  Turning on lamps           1
  Turning on lamps           2
  Turning on lamps           3
  Turning on lamps           4
  Turning on lamps           5
  Turning on lamps           7
  Turning on lamps           8
  Turning on lamps           9
  Turning on lamps          10
  Turning on lamps          11
 Added radiance =   1.93787444E-10
 Radiance accumulated =   1.26715205E-09
 ========================    =====================
  Progression along the line of sight :          11
  Horizontal dist. line of sight =   0.00000000      m
  Vertical dist. line of sight =   362.931519      m
  Turning on lamps           1
  Turning on lamps           2
  Turning on lamps           3
  Turning on lamps           4
  Turning on lamps           5
  Turning on lamps           7
  Turning on lamps           8
  Turning on lamps           9
  Turning on lamps          10
  Turning on lamps          11
 Added radiance =   2.11091380E-10
 Radiance accumulated =   1.47824342E-09
 ========================    =====================
  Progression along the line of sight :          12
  Horizontal dist. line of sight =   0.00000000      m
  Vertical dist. line of sight =   425.483307      m
  Turning on lamps           1
  Turning on lamps           2
  Turning on lamps           3
  Turning on lamps           4
  Turning on lamps           5
  Turning on lamps           7
  Turning on lamps           8
  Turning on lamps           9
  Turning on lamps          10
  Turning on lamps          11
 Added radiance =   2.23732477E-10
 Radiance accumulated =   1.70197578E-09
 ========================    =====================
  Progression along the line of sight :          13
  Horizontal dist. line of sight =   0.00000000      m
  Vertical dist. line of sight =   495.541321      m
  Turning on lamps           1
  Turning on lamps           2
  Turning on lamps           3
  Turning on lamps           4
  Turning on lamps           5
  Turning on lamps           7
  Turning on lamps           8
  Turning on lamps           9
  Turning on lamps          10
  Turning on lamps          11
 Added radiance =   2.38357251E-10
 Radiance accumulated =   1.94033301E-09
 ========================    =====================
  Progression along the line of sight :          14
  Horizontal dist. line of sight =   0.00000000      m
  Vertical dist. line of sight =   574.006287      m
  Turning on lamps           1
  Turning on lamps           2
  Turning on lamps           3
  Turning on lamps           4
  Turning on lamps           5
  Turning on lamps           7
  Turning on lamps           8
  Turning on lamps           9
  Turning on lamps          10
  Turning on lamps          11
 Added radiance =   2.52615151E-10
 Radiance accumulated =   2.19294827E-09
 ========================    =====================
  Progression along the line of sight :          15
  Horizontal dist. line of sight =   0.00000000      m
  Vertical dist. line of sight =   661.887024      m
  Turning on lamps           1
  Turning on lamps           2
  Turning on lamps           3
  Turning on lamps           4
  Turning on lamps           5
  Turning on lamps           7
  Turning on lamps           8
  Turning on lamps           9
  Turning on lamps          10
  Turning on lamps          11
 Added radiance =   2.73035178E-10
 Radiance accumulated =   2.46598342E-09
 ========================    =====================
  Progression along the line of sight :          16
  Horizontal dist. line of sight =   0.00000000      m
  Vertical dist. line of sight =   760.313477      m
  Turning on lamps           1
  Turning on lamps           2
  Turning on lamps           3
  Turning on lamps           4
  Turning on lamps           5
  Turning on lamps           7
  Turning on lamps           8
  Turning on lamps           9
  Turning on lamps          10
  Turning on lamps          11
 Added radiance =   2.90811708E-10
 Radiance accumulated =   2.75679501E-09
 ========================    =====================
  Progression along the line of sight :          17
  Horizontal dist. line of sight =   0.00000000      m
  Vertical dist. line of sight =   870.551086      m
  Turning on lamps           1
  Turning on lamps           2
  Turning on lamps           3
  Turning on lamps           4
  Turning on lamps           5
  Turning on lamps           7
  Turning on lamps           8
  Turning on lamps           9
  Turning on lamps          10
  Turning on lamps          11
 Added radiance =   3.12035342E-10
 Radiance accumulated =   3.06883030E-09
 ========================    =====================
  Progression along the line of sight :          18
  Horizontal dist. line of sight =   0.00000000      m
  Vertical dist. line of sight =   994.017212      m
  Turning on lamps           1
  Turning on lamps           2
  Turning on lamps           3
  Turning on lamps           4
  Turning on lamps           5
  Turning on lamps           7
  Turning on lamps           8
  Turning on lamps           9
  Turning on lamps          10
  Turning on lamps          11
 Added radiance =   3.31847300E-10
 Radiance accumulated =   3.40067752E-09
 ========================    =====================
  Progression along the line of sight :          19
  Horizontal dist. line of sight =   0.00000000      m
  Vertical dist. line of sight =   1132.29932      m
  Turning on lamps           1
  Turning on lamps           2
  Turning on lamps           3
  Turning on lamps           4
  Turning on lamps           5
  Turning on lamps           7
  Turning on lamps           8
  Turning on lamps           9
  Turning on lamps          10
  Turning on lamps          11
 Added radiance =   3.45073636E-10
 Radiance accumulated =   3.74575126E-09
 ========================    =====================
  Progression along the line of sight :          20
  Horizontal dist. line of sight =   0.00000000      m
  Vertical dist. line of sight =   1287.17529      m
  Turning on lamps           1
  Turning on lamps           2
  Turning on lamps           3
  Turning on lamps           4
  Turning on lamps           5
  Turning on lamps           7
  Turning on lamps           8
  Turning on lamps           9
  Turning on lamps          10
  Turning on lamps          11
 Added radiance =   3.59649838E-10
 Radiance accumulated =   4.10540091E-09
 ========================    =====================
  Progression along the line of sight :          21
  Horizontal dist. line of sight =   0.00000000      m
  Vertical dist. line of sight =   1460.63635      m
  Turning on lamps           1
  Turning on lamps           2
  Turning on lamps           3
  Turning on lamps           4
  Turning on lamps           5
  Turning on lamps           7
  Turning on lamps           8
  Turning on lamps           9
  Turning on lamps          10
  Turning on lamps          11
 Added radiance =   3.72879116E-10
 Radiance accumulated =   4.47828041E-09
 ========================    =====================
  Progression along the line of sight :          22
  Horizontal dist. line of sight =   0.00000000      m
  Vertical dist. line of sight =   1654.91272      m
  Turning on lamps           1
  Turning on lamps           2
  Turning on lamps           3
  Turning on lamps           4
  Turning on lamps           5
  Turning on lamps           7
  Turning on lamps           8
  Turning on lamps           9
  Turning on lamps          10
  Turning on lamps          11
 Added radiance =   3.89069860E-10
 Radiance accumulated =   4.86735008E-09
 ========================    =====================
  Progression along the line of sight :          23
  Horizontal dist. line of sight =   0.00000000      m
  Vertical dist. line of sight =   1872.50220      m
  Turning on lamps           1
  Turning on lamps           2
  Turning on lamps           3
  Turning on lamps           4
  Turning on lamps           5
  Turning on lamps           7
  Turning on lamps           8
  Turning on lamps           9
  Turning on lamps          10
  Turning on lamps          11
 Added radiance =   4.01588762E-10
 Radiance accumulated =   5.26893906E-09
 ========================    =====================
  Progression along the line of sight :          24
  Horizontal dist. line of sight =   0.00000000      m
  Vertical dist. line of sight =   2116.20239      m
  Turning on lamps           1
  Turning on lamps           2
  Turning on lamps           3
  Turning on lamps           4
  Turning on lamps           5
  Turning on lamps           7
  Turning on lamps           8
  Turning on lamps           9
  Turning on lamps          10
  Turning on lamps          11
 Added radiance =   4.12005485E-10
 Radiance accumulated =   5.68094416E-09
 ========================    =====================
  Progression along the line of sight :          25
  Horizontal dist. line of sight =   0.00000000      m
  Vertical dist. line of sight =   2389.14673      m
  Turning on lamps           1
  Turning on lamps           2
  Turning on lamps           3
  Turning on lamps           4
  Turning on lamps           5
  Turning on lamps           7
  Turning on lamps           8
  Turning on lamps           9
  Turning on lamps          10
  Turning on lamps          11
 Added radiance =   4.20891239E-10
 Radiance accumulated =   6.10183548E-09
 ========================    =====================
  Progression along the line of sight :          26
  Horizontal dist. line of sight =   0.00000000      m
  Vertical dist. line of sight =   2694.84424      m
  Turning on lamps           1
  Turning on lamps           2
  Turning on lamps           3
  Turning on lamps           4
  Turning on lamps           5
  Turning on lamps           7
  Turning on lamps           8
  Turning on lamps           9
  Turning on lamps          10
  Turning on lamps          11
 Added radiance =   4.24099672E-10
 Radiance accumulated =   6.52593490E-09
 ========================    =====================
  Progression along the line of sight :          27
  Horizontal dist. line of sight =   0.00000000      m
  Vertical dist. line of sight =   3037.22559      m
  Turning on lamps           1
  Turning on lamps           2
  Turning on lamps           3
  Turning on lamps           4
  Turning on lamps           5
  Turning on lamps           7
  Turning on lamps           8
  Turning on lamps           9
  Turning on lamps          10
  Turning on lamps          11
 Added radiance =   4.17082230E-10
 Radiance accumulated =   6.94301772E-09
 ========================    =====================
  Progression along the line of sight :          28
  Horizontal dist. line of sight =   0.00000000      m
  Vertical dist. line of sight =   3420.69263      m
  Turning on lamps           1
  Turning on lamps           2
  Turning on lamps           3
  Turning on lamps           4
  Turning on lamps           5
  Turning on lamps           7
  Turning on lamps           8
  Turning on lamps           9
  Turning on lamps          10
  Turning on lamps          11
 Added radiance =   4.04820538E-10
 Radiance accumulated =   7.34783745E-09
 ========================    =====================
  Progression along the line of sight :          29
  Horizontal dist. line of sight =   0.00000000      m
  Vertical dist. line of sight =   3850.17578      m
  Turning on lamps           1
  Turning on lamps           2
  Turning on lamps           3
  Turning on lamps           4
  Turning on lamps           5
  Turning on lamps           7
  Turning on lamps           8
  Turning on lamps           9
  Turning on lamps          10
  Turning on lamps          11
 Added radiance =   3.80997012E-10
 Radiance accumulated =   7.72883446E-09
 ========================    =====================
  Progression along the line of sight :          30
  Horizontal dist. line of sight =   0.00000000      m
  Vertical dist. line of sight =   4331.19678      m
  Turning on lamps           1
  Turning on lamps           2
  Turning on lamps           3
  Turning on lamps           4
  Turning on lamps           5
  Turning on lamps           7
  Turning on lamps           8
  Turning on lamps           9
  Turning on lamps          10
  Turning on lamps          11
 Added radiance =   3.41429024E-10
 Radiance accumulated =   8.07026446E-09
 ========================    =====================
  Progression along the line of sight :          31
  Horizontal dist. line of sight =   0.00000000      m
  Vertical dist. line of sight =   4869.94043      m
  Turning on lamps           1
  Turning on lamps           2
  Turning on lamps           3
  Turning on lamps           4
  Turning on lamps           5
  Turning on lamps           7
  Turning on lamps           8
  Turning on lamps           9
  Turning on lamps          10
  Turning on lamps          11
 Added radiance =   2.97661062E-10
 Radiance accumulated =   8.36792502E-09
 ========================    =====================
  Progression along the line of sight :          32
  Horizontal dist. line of sight =   0.00000000      m
  Vertical dist. line of sight =   5473.33350      m
  Turning on lamps           1
  Turning on lamps           2
  Turning on lamps           3
  Turning on lamps           4
  Turning on lamps           5
  Turning on lamps           7
  Turning on lamps           8
  Turning on lamps           9
  Turning on lamps          10
  Turning on lamps          11
 Added radiance =   2.55325094E-10
 Radiance accumulated =   8.62325056E-09
 ========================    =====================
  Progression along the line of sight :          33
  Horizontal dist. line of sight =   0.00000000      m
  Vertical dist. line of sight =   6149.13379      m
  Turning on lamps           1
  Turning on lamps           2
  Turning on lamps           3
  Turning on lamps           4
  Turning on lamps           5
  Turning on lamps           7
  Turning on lamps           8
  Turning on lamps           9
  Turning on lamps          10
  Turning on lamps          11
 Added radiance =   2.14054274E-10
 Radiance accumulated =   8.83730422E-09
 ========================    =====================
  Progression along the line of sight :          34
  Horizontal dist. line of sight =   0.00000000      m
  Vertical dist. line of sight =   6906.02979      m
  Turning on lamps           1
  Turning on lamps           2
  Turning on lamps           3
  Turning on lamps           4
  Turning on lamps           5
  Turning on lamps           7
  Turning on lamps           8
  Turning on lamps           9
  Turning on lamps          10
  Turning on lamps          11
 Added radiance =   1.77733592E-10
 Radiance accumulated =   9.01503761E-09
 ========================    =====================
  Progression along the line of sight :          35
  Horizontal dist. line of sight =   0.00000000      m
  Vertical dist. line of sight =   7753.75342      m
  Turning on lamps           1
  Turning on lamps           2
  Turning on lamps           3
  Turning on lamps           4
  Turning on lamps           5
  Turning on lamps           7
  Turning on lamps           8
  Turning on lamps           9
  Turning on lamps          10
  Turning on lamps          11
 Added radiance =   1.46250193E-10
 Radiance accumulated =   9.16128773E-09
 ========================    =====================
  Progression along the line of sight :          36
  Horizontal dist. line of sight =   0.00000000      m
  Vertical dist. line of sight =   8703.20410      m
  Turning on lamps           1
  Turning on lamps           2
  Turning on lamps           3
  Turning on lamps           4
  Turning on lamps           5
  Turning on lamps           7
  Turning on lamps           8
  Turning on lamps           9
  Turning on lamps          10
  Turning on lamps          11
 Added radiance =   1.22804975E-10
 Radiance accumulated =   9.28409261E-09
 ========================    =====================
  Progression along the line of sight :          37
  Horizontal dist. line of sight =   0.00000000      m
  Vertical dist. line of sight =   9766.58887      m
  Turning on lamps           1
  Turning on lamps           2
  Turning on lamps           3
  Turning on lamps           4
  Turning on lamps           5
  Turning on lamps           7
  Turning on lamps           8
  Turning on lamps           9
  Turning on lamps          10
  Turning on lamps          11
 Added radiance =   1.05785748E-10
 Radiance accumulated =   9.38987910E-09
 ========================    =====================
  Progression along the line of sight :          38
  Horizontal dist. line of sight =   0.00000000      m
  Vertical dist. line of sight =   10957.5791      m
  Turning on lamps           1
  Turning on lamps           2
  Turning on lamps           3
  Turning on lamps           4
  Turning on lamps           5
  Turning on lamps           7
  Turning on lamps           8
  Turning on lamps           9
  Turning on lamps          10
  Turning on lamps          11
 Added radiance =   9.41803927E-11
 Radiance accumulated =   9.48405887E-09
 ========================    =====================
  Progression along the line of sight :          39
  Horizontal dist. line of sight =   0.00000000      m
  Vertical dist. line of sight =   12291.4883      m
  Turning on lamps           1
  Turning on lamps           2
  Turning on lamps           3
  Turning on lamps           4
  Turning on lamps           5
  Turning on lamps           7
  Turning on lamps           8
  Turning on lamps           9
  Turning on lamps          10
  Turning on lamps          11
 Added radiance =   8.32080099E-11
 Radiance accumulated =   9.56726698E-09
 ========================    =====================
  Progression along the line of sight :          40
  Horizontal dist. line of sight =   0.00000000      m
  Vertical dist. line of sight =   13785.4668      m
  Turning on lamps           1
  Turning on lamps           2
  Turning on lamps           3
  Turning on lamps           4
  Turning on lamps           5
  Turning on lamps           7
  Turning on lamps           8
  Turning on lamps           9
  Turning on lamps          10
  Turning on lamps          11
 Added radiance =   6.87698509E-11
 Radiance accumulated =   9.63603686E-09
 ========================    =====================
  Progression along the line of sight :          41
  Horizontal dist. line of sight =   0.00000000      m
  Vertical dist. line of sight =   15458.7227      m
  Turning on lamps           1
  Turning on lamps           2
  Turning on lamps           3
  Turning on lamps           4
  Turning on lamps           5
  Turning on lamps           7
  Turning on lamps           8
  Turning on lamps           9
  Turning on lamps          10
  Turning on lamps          11
 Added radiance =   5.64607076E-11
 Radiance accumulated =   9.69249747E-09
 ========================    =====================
  Progression along the line of sight :          42
  Horizontal dist. line of sight =   0.00000000      m
  Vertical dist. line of sight =   17332.7695      m
  Turning on lamps           1
  Turning on lamps           2
  Turning on lamps           3
  Turning on lamps           4
  Turning on lamps           5
  Turning on lamps           7
  Turning on lamps           8
  Turning on lamps           9
  Turning on lamps          10
  Turning on lamps          11
 Added radiance =   4.26629947E-11
 Radiance accumulated =   9.73516023E-09
 ========================    =====================
  Progression along the line of sight :          43
  Horizontal dist. line of sight =   0.00000000      m
  Vertical dist. line of sight =   19431.7012      m
  Turning on lamps           1
  Turning on lamps           2
  Turning on lamps           3
  Turning on lamps           4
  Turning on lamps           5
  Turning on lamps           7
  Turning on lamps           8
  Turning on lamps           9
  Turning on lamps          10
  Turning on lamps          11
 Added radiance =   3.20688649E-11
 Radiance accumulated =   9.76722969E-09
 ========================    =====================
  Progression along the line of sight :          44
  Horizontal dist. line of sight =   0.00000000      m
  Vertical dist. line of sight =   21782.5059      m
  Turning on lamps           1
  Turning on lamps           2
  Turning on lamps           3
  Turning on lamps           4
  Turning on lamps           5
  Turning on lamps           7
  Turning on lamps           8
  Turning on lamps           9
  Turning on lamps          10
  Turning on lamps          11
 Added radiance =   2.21006425E-11
 Radiance accumulated =   9.78932935E-09
 ========================    =====================
  Progression along the line of sight :          45
  Horizontal dist. line of sight =   0.00000000      m
  Vertical dist. line of sight =   24415.4062      m
  Turning on lamps           1
  Turning on lamps           2
  Turning on lamps           3
  Turning on lamps           4
  Turning on lamps           5
  Turning on lamps           7
  Turning on lamps           8
  Turning on lamps           9
  Turning on lamps          10
  Turning on lamps          11
 Added radiance =   1.47000901E-11
 Radiance accumulated =   9.80402959E-09
 ========================    =====================
  Progression along the line of sight :          46
  Horizontal dist. line of sight =   0.00000000      m
  Vertical dist. line of sight =   27364.2559      m
  Turning on lamps           1
  Turning on lamps           2
  Turning on lamps           3
  Turning on lamps           4
  Turning on lamps           5
  Turning on lamps           7
  Turning on lamps           8
  Turning on lamps           9
  Turning on lamps          10
  Turning on lamps          11
 Added radiance =   9.39273659E-12
 Radiance accumulated =   9.81342207E-09
 ========================    =====================
  Progression along the line of sight :          47
  Horizontal dist. line of sight =   0.00000000      m
  Vertical dist. line of sight =   30480.0215      m
  Turning on lamps           1
  Turning on lamps           2
  Turning on lamps           3
  Turning on lamps           4
  Turning on lamps           5
  Turning on lamps           7
  Turning on lamps           8
  Turning on lamps           9
  Turning on lamps          10
  Turning on lamps          11
 Added radiance =   4.56512779E-12
 Radiance accumulated =   9.81798731E-09
 ========================    =====================
  Progression along the line of sight :          48
  Horizontal dist. line of sight =   0.00000000      m
  Vertical dist. line of sight =   33595.7852      m
  Turning on lamps           1
  Turning on lamps           2
  Turning on lamps           3
  Turning on lamps           4
  Turning on lamps           5
  Turning on lamps           7
  Turning on lamps           8
  Turning on lamps           9
  Turning on lamps          10
  Turning on lamps          11
 Added radiance =   2.51087172E-12
 Radiance accumulated =   9.82049730E-09
 ===================================================
      Direct irradiance from sources (W/m**2/nm)
                    0.282E-07
      Direct irradiance from reflexion (W/m**2/nm)
                    0.293E-07
      Direct radiance from sources (W/str/m**2/nm)
                    0.000E+00
      Direct radiance from reflexion (W/str/m**2/nm)
                    0.000E+00
            Cloud radiance (W/str/m**2/nm)         
                    0.000E+00
          Diffuse radiance (W/str/m**2/nm)          
                    0.982E-08
