 ILLUMINA version 2.1.21w21.1a
 FILE USED:
 st_cruz_2019_topogra.bin                                                aerosol.txt                                                             
 Wavelength (nm):   530.000000      Aerosol optical depth:  0.125533551    
 2nd order scattering radius:   40000.0000      m
 Observer position (x,y,z)         256         256   10.0000000    
 Elevation angle:   90.0000000      azim angle (counterclockwfrom east)   90.0000000    
 Width of the domain [NS](m):   35602.4609     #cases:         511
 Width of the domain [EO](m):   35602.4609     #cases:         511
 Size of a cell (m):   69.6721344      X    69.6721344    
 latitu center:   0.00000000    
  Turning on lamps           1
  Turning on lamps           2
  Turning on lamps           3
  Turning on lamps           4
  Turning on lamps           5
  Turning on lamps           6
  Turning on lamps           7
  Turning on lamps           9
  Turning on lamps          11
  Turning on lamps          12
 ========================    =====================
  Progression along the line of sight :           1
  Horizontal dist. line of sight =   0.00000000      m
  Vertical dist. line of sight =   9.50000000      m
  Turning on lamps           1
  Turning on lamps           2
  Turning on lamps           3
  Turning on lamps           4
  Turning on lamps           5
  Turning on lamps           6
  Turning on lamps           7
  Turning on lamps           9
  Turning on lamps          11
  Turning on lamps          12
 Added radiance =   0.00000000    
 Radiance accumulated =   0.00000000    
 ========================    =====================
  Progression along the line of sight :           2
  Horizontal dist. line of sight =   0.00000000      m
  Vertical dist. line of sight =   29.6399994      m
  Turning on lamps           1
  Turning on lamps           2
  Turning on lamps           3
  Turning on lamps           4
  Turning on lamps           5
  Turning on lamps           6
  Turning on lamps           7
  Turning on lamps           9
  Turning on lamps          11
  Turning on lamps          12
 Added radiance =   3.10124078E-13
 Radiance accumulated =   3.10124078E-13
 ========================    =====================
  Progression along the line of sight :           3
  Horizontal dist. line of sight =   0.00000000      m
  Vertical dist. line of sight =   52.1968002      m
  Turning on lamps           1
  Turning on lamps           2
  Turning on lamps           3
  Turning on lamps           4
  Turning on lamps           5
  Turning on lamps           6
  Turning on lamps           7
  Turning on lamps           9
  Turning on lamps          11
  Turning on lamps          12
 Added radiance =   3.45064987E-13
 Radiance accumulated =   6.55189065E-13
 ========================    =====================
  Progression along the line of sight :           4
  Horizontal dist. line of sight =   0.00000000      m
  Vertical dist. line of sight =   77.4604187      m
  Turning on lamps           1
  Turning on lamps           2
  Turning on lamps           3
  Turning on lamps           4
  Turning on lamps           5
  Turning on lamps           6
  Turning on lamps           7
  Turning on lamps           9
  Turning on lamps          11
  Turning on lamps          12
 Added radiance =   3.82283967E-13
 Radiance accumulated =   1.03747306E-12
 ========================    =====================
  Progression along the line of sight :           5
  Horizontal dist. line of sight =   0.00000000      m
  Vertical dist. line of sight =   105.755676      m
  Turning on lamps           1
  Turning on lamps           2
  Turning on lamps           3
  Turning on lamps           4
  Turning on lamps           5
  Turning on lamps           6
  Turning on lamps           7
  Turning on lamps           9
  Turning on lamps          11
  Turning on lamps          12
 Added radiance =   4.21737813E-13
 Radiance accumulated =   1.45921079E-12
 ========================    =====================
  Progression along the line of sight :           6
  Horizontal dist. line of sight =   0.00000000      m
  Vertical dist. line of sight =   137.446350      m
  Turning on lamps           1
  Turning on lamps           2
  Turning on lamps           3
  Turning on lamps           4
  Turning on lamps           5
  Turning on lamps           6
  Turning on lamps           7
  Turning on lamps           9
  Turning on lamps          11
  Turning on lamps          12
 Added radiance =   4.69814942E-13
 Radiance accumulated =   1.92902573E-12
 ========================    =====================
  Progression along the line of sight :           7
  Horizontal dist. line of sight =   0.00000000      m
  Vertical dist. line of sight =   172.939911      m
  Turning on lamps           1
  Turning on lamps           2
  Turning on lamps           3
  Turning on lamps           4
  Turning on lamps           5
  Turning on lamps           6
  Turning on lamps           7
  Turning on lamps           9
  Turning on lamps          11
  Turning on lamps          12
 Added radiance =   5.21083285E-13
 Radiance accumulated =   2.45010934E-12
 ========================    =====================
  Progression along the line of sight :           8
  Horizontal dist. line of sight =   0.00000000      m
  Vertical dist. line of sight =   212.692703      m
  Turning on lamps           1
  Turning on lamps           2
  Turning on lamps           3
  Turning on lamps           4
  Turning on lamps           5
  Turning on lamps           6
  Turning on lamps           7
  Turning on lamps           9
  Turning on lamps          11
  Turning on lamps          12
 Added radiance =   5.79352647E-13
 Radiance accumulated =   3.02946188E-12
 ========================    =====================
  Progression along the line of sight :           9
  Horizontal dist. line of sight =   0.00000000      m
  Vertical dist. line of sight =   257.215820      m
  Turning on lamps           1
  Turning on lamps           2
  Turning on lamps           3
  Turning on lamps           4
  Turning on lamps           5
  Turning on lamps           6
  Turning on lamps           7
  Turning on lamps           9
  Turning on lamps          11
  Turning on lamps          12
 Added radiance =   6.43464665E-13
 Radiance accumulated =   3.67292611E-12
 ========================    =====================
  Progression along the line of sight :          10
  Horizontal dist. line of sight =   0.00000000      m
  Vertical dist. line of sight =   307.081726      m
  Turning on lamps           1
  Turning on lamps           2
  Turning on lamps           3
  Turning on lamps           4
  Turning on lamps           5
  Turning on lamps           6
  Turning on lamps           7
  Turning on lamps           9
  Turning on lamps          11
  Turning on lamps          12
 Added radiance =   7.15163389E-13
 Radiance accumulated =   4.38808972E-12
 ========================    =====================
  Progression along the line of sight :          11
  Horizontal dist. line of sight =   0.00000000      m
  Vertical dist. line of sight =   362.931519      m
  Turning on lamps           1
  Turning on lamps           2
  Turning on lamps           3
  Turning on lamps           4
  Turning on lamps           5
  Turning on lamps           6
  Turning on lamps           7
  Turning on lamps           9
  Turning on lamps          11
  Turning on lamps          12
 Added radiance =   7.95059006E-13
 Radiance accumulated =   5.18314862E-12
 ========================    =====================
  Progression along the line of sight :          12
  Horizontal dist. line of sight =   0.00000000      m
  Vertical dist. line of sight =   425.483307      m
  Turning on lamps           1
  Turning on lamps           2
  Turning on lamps           3
  Turning on lamps           4
  Turning on lamps           5
  Turning on lamps           6
  Turning on lamps           7
  Turning on lamps           9
  Turning on lamps          11
  Turning on lamps          12
 Added radiance =   9.08382202E-13
 Radiance accumulated =   6.09153049E-12
 ========================    =====================
  Progression along the line of sight :          13
  Horizontal dist. line of sight =   0.00000000      m
  Vertical dist. line of sight =   495.541321      m
  Turning on lamps           1
  Turning on lamps           2
  Turning on lamps           3
  Turning on lamps           4
  Turning on lamps           5
  Turning on lamps           6
  Turning on lamps           7
  Turning on lamps           9
  Turning on lamps          11
  Turning on lamps          12
 Added radiance =   1.03631838E-12
 Radiance accumulated =   7.12784996E-12
 ========================    =====================
  Progression along the line of sight :          14
  Horizontal dist. line of sight =   0.00000000      m
  Vertical dist. line of sight =   574.006287      m
  Turning on lamps           1
  Turning on lamps           2
  Turning on lamps           3
  Turning on lamps           4
  Turning on lamps           5
  Turning on lamps           6
  Turning on lamps           7
  Turning on lamps           9
  Turning on lamps          11
  Turning on lamps          12
 Added radiance =   1.17317267E-12
 Radiance accumulated =   8.30102220E-12
 ========================    =====================
  Progression along the line of sight :          15
  Horizontal dist. line of sight =   0.00000000      m
  Vertical dist. line of sight =   661.887024      m
  Turning on lamps           1
  Turning on lamps           2
  Turning on lamps           3
  Turning on lamps           4
  Turning on lamps           5
  Turning on lamps           6
  Turning on lamps           7
  Turning on lamps           9
  Turning on lamps          11
  Turning on lamps          12
 Added radiance =   1.34217236E-12
 Radiance accumulated =   9.64319423E-12
 ========================    =====================
  Progression along the line of sight :          16
  Horizontal dist. line of sight =   0.00000000      m
  Vertical dist. line of sight =   760.313477      m
  Turning on lamps           1
  Turning on lamps           2
  Turning on lamps           3
  Turning on lamps           4
  Turning on lamps           5
  Turning on lamps           6
  Turning on lamps           7
  Turning on lamps           9
  Turning on lamps          11
  Turning on lamps          12
 Added radiance =   1.52288566E-12
 Radiance accumulated =   1.11660802E-11
 ========================    =====================
  Progression along the line of sight :          17
  Horizontal dist. line of sight =   0.00000000      m
  Vertical dist. line of sight =   870.551086      m
  Turning on lamps           1
  Turning on lamps           2
  Turning on lamps           3
  Turning on lamps           4
  Turning on lamps           5
  Turning on lamps           6
  Turning on lamps           7
  Turning on lamps           9
  Turning on lamps          11
  Turning on lamps          12
 Added radiance =   1.72393566E-12
 Radiance accumulated =   1.28900146E-11
 ========================    =====================
  Progression along the line of sight :          18
  Horizontal dist. line of sight =   0.00000000      m
  Vertical dist. line of sight =   994.017212      m
  Turning on lamps           1
  Turning on lamps           2
  Turning on lamps           3
  Turning on lamps           4
  Turning on lamps           5
  Turning on lamps           6
  Turning on lamps           7
  Turning on lamps           9
  Turning on lamps          11
  Turning on lamps          12
 Added radiance =   1.94159185E-12
 Radiance accumulated =   1.48316064E-11
 ========================    =====================
  Progression along the line of sight :          19
  Horizontal dist. line of sight =   0.00000000      m
  Vertical dist. line of sight =   1132.29932      m
  Turning on lamps           1
  Turning on lamps           2
  Turning on lamps           3
  Turning on lamps           4
  Turning on lamps           5
  Turning on lamps           6
  Turning on lamps           7
  Turning on lamps           9
  Turning on lamps          11
  Turning on lamps          12
 Added radiance =   2.17724536E-12
 Radiance accumulated =   1.70088509E-11
 ========================    =====================
  Progression along the line of sight :          20
  Horizontal dist. line of sight =   0.00000000      m
  Vertical dist. line of sight =   1287.17529      m
  Turning on lamps           1
  Turning on lamps           2
  Turning on lamps           3
  Turning on lamps           4
  Turning on lamps           5
  Turning on lamps           6
  Turning on lamps           7
  Turning on lamps           9
  Turning on lamps          11
  Turning on lamps          12
 Added radiance =   2.42440790E-12
 Radiance accumulated =   1.94332588E-11
 ========================    =====================
  Progression along the line of sight :          21
  Horizontal dist. line of sight =   0.00000000      m
  Vertical dist. line of sight =   1460.63635      m
  Turning on lamps           1
  Turning on lamps           2
  Turning on lamps           3
  Turning on lamps           4
  Turning on lamps           5
  Turning on lamps           6
  Turning on lamps           7
  Turning on lamps           9
  Turning on lamps          11
  Turning on lamps          12
 Added radiance =   2.67971257E-12
 Radiance accumulated =   2.21129712E-11
 ========================    =====================
  Progression along the line of sight :          22
  Horizontal dist. line of sight =   0.00000000      m
  Vertical dist. line of sight =   1654.91272      m
  Turning on lamps           1
  Turning on lamps           2
  Turning on lamps           3
  Turning on lamps           4
  Turning on lamps           5
  Turning on lamps           6
  Turning on lamps           7
  Turning on lamps           9
  Turning on lamps          11
  Turning on lamps          12
 Added radiance =   2.93002710E-12
 Radiance accumulated =   2.50430007E-11
 ========================    =====================
  Progression along the line of sight :          23
  Horizontal dist. line of sight =   0.00000000      m
  Vertical dist. line of sight =   1872.50220      m
  Turning on lamps           1
  Turning on lamps           2
  Turning on lamps           3
  Turning on lamps           4
  Turning on lamps           5
  Turning on lamps           6
  Turning on lamps           7
  Turning on lamps           9
  Turning on lamps          11
  Turning on lamps          12
 Added radiance =   3.19782590E-12
 Radiance accumulated =   2.82408246E-11
 ========================    =====================
  Progression along the line of sight :          24
  Horizontal dist. line of sight =   0.00000000      m
  Vertical dist. line of sight =   2116.20239      m
  Turning on lamps           1
  Turning on lamps           2
  Turning on lamps           3
  Turning on lamps           4
  Turning on lamps           5
  Turning on lamps           6
  Turning on lamps           7
  Turning on lamps           9
  Turning on lamps          11
  Turning on lamps          12
 Added radiance =   3.67014492E-12
 Radiance accumulated =   3.19109704E-11
 ========================    =====================
  Progression along the line of sight :          25
  Horizontal dist. line of sight =   0.00000000      m
  Vertical dist. line of sight =   2389.14673      m
  Turning on lamps           1
  Turning on lamps           2
  Turning on lamps           3
  Turning on lamps           4
  Turning on lamps           5
  Turning on lamps           6
  Turning on lamps           7
  Turning on lamps           9
  Turning on lamps          11
  Turning on lamps          12
 Added radiance =   4.01539739E-12
 Radiance accumulated =   3.59263660E-11
 ========================    =====================
  Progression along the line of sight :          26
  Horizontal dist. line of sight =   0.00000000      m
  Vertical dist. line of sight =   2694.84424      m
  Turning on lamps           1
  Turning on lamps           2
  Turning on lamps           3
  Turning on lamps           4
  Turning on lamps           5
  Turning on lamps           6
  Turning on lamps           7
  Turning on lamps           9
  Turning on lamps          11
  Turning on lamps          12
 Added radiance =   4.78126263E-12
 Radiance accumulated =   4.07076317E-11
 ========================    =====================
  Progression along the line of sight :          27
  Horizontal dist. line of sight =   0.00000000      m
  Vertical dist. line of sight =   3037.22559      m
  Turning on lamps           1
  Turning on lamps           2
  Turning on lamps           3
  Turning on lamps           4
  Turning on lamps           5
  Turning on lamps           6
  Turning on lamps           7
  Turning on lamps           9
  Turning on lamps          11
  Turning on lamps          12
 Added radiance =   5.22823278E-12
 Radiance accumulated =   4.59358628E-11
 ========================    =====================
  Progression along the line of sight :          28
  Horizontal dist. line of sight =   0.00000000      m
  Vertical dist. line of sight =   3420.69263      m
  Turning on lamps           1
  Turning on lamps           2
  Turning on lamps           3
  Turning on lamps           4
  Turning on lamps           5
  Turning on lamps           6
  Turning on lamps           7
  Turning on lamps           9
  Turning on lamps          11
  Turning on lamps          12
 Added radiance =   5.61749215E-12
 Radiance accumulated =   5.15533588E-11
 ========================    =====================
  Progression along the line of sight :          29
  Horizontal dist. line of sight =   0.00000000      m
  Vertical dist. line of sight =   3850.17578      m
  Turning on lamps           1
  Turning on lamps           2
  Turning on lamps           3
  Turning on lamps           4
  Turning on lamps           5
  Turning on lamps           6
  Turning on lamps           7
  Turning on lamps           9
  Turning on lamps          11
  Turning on lamps          12
 Added radiance =   5.91193240E-12
 Radiance accumulated =   5.74652929E-11
 ========================    =====================
  Progression along the line of sight :          30
  Horizontal dist. line of sight =   0.00000000      m
  Vertical dist. line of sight =   4331.19678      m
  Turning on lamps           1
  Turning on lamps           2
  Turning on lamps           3
  Turning on lamps           4
  Turning on lamps           5
  Turning on lamps           6
  Turning on lamps           7
  Turning on lamps           9
  Turning on lamps          11
  Turning on lamps          12
 Added radiance =   6.22684239E-12
 Radiance accumulated =   6.36921349E-11
 ========================    =====================
  Progression along the line of sight :          31
  Horizontal dist. line of sight =   0.00000000      m
  Vertical dist. line of sight =   4869.94043      m
  Turning on lamps           1
  Turning on lamps           2
  Turning on lamps           3
  Turning on lamps           4
  Turning on lamps           5
  Turning on lamps           6
  Turning on lamps           7
  Turning on lamps           9
  Turning on lamps          11
  Turning on lamps          12
 Added radiance =   6.63257340E-12
 Radiance accumulated =   7.03247113E-11
 ========================    =====================
  Progression along the line of sight :          32
  Horizontal dist. line of sight =   0.00000000      m
  Vertical dist. line of sight =   5473.33350      m
  Turning on lamps           1
  Turning on lamps           2
  Turning on lamps           3
  Turning on lamps           4
  Turning on lamps           5
  Turning on lamps           6
  Turning on lamps           7
  Turning on lamps           9
  Turning on lamps          11
  Turning on lamps          12
 Added radiance =   6.72347334E-12
 Radiance accumulated =   7.70481734E-11
 ========================    =====================
  Progression along the line of sight :          33
  Horizontal dist. line of sight =   0.00000000      m
  Vertical dist. line of sight =   6149.13379      m
  Turning on lamps           1
  Turning on lamps           2
  Turning on lamps           3
  Turning on lamps           4
  Turning on lamps           5
  Turning on lamps           6
  Turning on lamps           7
  Turning on lamps           9
  Turning on lamps          11
  Turning on lamps          12
 Added radiance =   6.58516384E-12
 Radiance accumulated =   8.36333433E-11
 ========================    =====================
  Progression along the line of sight :          34
  Horizontal dist. line of sight =   0.00000000      m
  Vertical dist. line of sight =   6906.02979      m
  Turning on lamps           1
  Turning on lamps           2
  Turning on lamps           3
  Turning on lamps           4
  Turning on lamps           5
  Turning on lamps           6
  Turning on lamps           7
  Turning on lamps           9
  Turning on lamps          11
  Turning on lamps          12
 Added radiance =   6.37225255E-12
 Radiance accumulated =   9.00056071E-11
 ========================    =====================
  Progression along the line of sight :          35
  Horizontal dist. line of sight =   0.00000000      m
  Vertical dist. line of sight =   7753.75342      m
  Turning on lamps           1
  Turning on lamps           2
  Turning on lamps           3
  Turning on lamps           4
  Turning on lamps           5
  Turning on lamps           6
  Turning on lamps           7
  Turning on lamps           9
  Turning on lamps          11
  Turning on lamps          12
 Added radiance =   6.22853852E-12
 Radiance accumulated =   9.62341387E-11
 ========================    =====================
  Progression along the line of sight :          36
  Horizontal dist. line of sight =   0.00000000      m
  Vertical dist. line of sight =   8703.20410      m
  Turning on lamps           1
  Turning on lamps           2
  Turning on lamps           3
  Turning on lamps           4
  Turning on lamps           5
  Turning on lamps           6
  Turning on lamps           7
  Turning on lamps           9
  Turning on lamps          11
  Turning on lamps          12
 Added radiance =   7.28398158E-12
 Radiance accumulated =   1.03518118E-10
 ========================    =====================
  Progression along the line of sight :          37
  Horizontal dist. line of sight =   0.00000000      m
  Vertical dist. line of sight =   9766.58887      m
  Turning on lamps           1
  Turning on lamps           2
  Turning on lamps           3
  Turning on lamps           4
  Turning on lamps           5
  Turning on lamps           6
  Turning on lamps           7
  Turning on lamps           9
  Turning on lamps          11
  Turning on lamps          12
 Added radiance =   7.87109961E-12
 Radiance accumulated =   1.11389224E-10
 ========================    =====================
  Progression along the line of sight :          38
  Horizontal dist. line of sight =   0.00000000      m
  Vertical dist. line of sight =   10957.5791      m
  Turning on lamps           1
  Turning on lamps           2
  Turning on lamps           3
  Turning on lamps           4
  Turning on lamps           5
  Turning on lamps           6
  Turning on lamps           7
  Turning on lamps           9
  Turning on lamps          11
  Turning on lamps          12
 Added radiance =   7.35631781E-12
 Radiance accumulated =   1.18745541E-10
 ========================    =====================
  Progression along the line of sight :          39
  Horizontal dist. line of sight =   0.00000000      m
  Vertical dist. line of sight =   12291.4883      m
  Turning on lamps           1
  Turning on lamps           2
  Turning on lamps           3
  Turning on lamps           4
  Turning on lamps           5
  Turning on lamps           6
  Turning on lamps           7
  Turning on lamps           9
  Turning on lamps          11
  Turning on lamps          12
 Added radiance =   7.88030318E-12
 Radiance accumulated =   1.26625849E-10
 ========================    =====================
  Progression along the line of sight :          40
  Horizontal dist. line of sight =   0.00000000      m
  Vertical dist. line of sight =   13785.4668      m
  Turning on lamps           1
  Turning on lamps           2
  Turning on lamps           3
  Turning on lamps           4
  Turning on lamps           5
  Turning on lamps           6
  Turning on lamps           7
  Turning on lamps           9
  Turning on lamps          11
  Turning on lamps          12
 Added radiance =   8.83148329E-12
 Radiance accumulated =   1.35457326E-10
 ========================    =====================
  Progression along the line of sight :          41
  Horizontal dist. line of sight =   0.00000000      m
  Vertical dist. line of sight =   15458.7227      m
  Turning on lamps           1
  Turning on lamps           2
  Turning on lamps           3
  Turning on lamps           4
  Turning on lamps           5
  Turning on lamps           6
  Turning on lamps           7
  Turning on lamps           9
  Turning on lamps          11
  Turning on lamps          12
 Added radiance =   7.35216835E-12
 Radiance accumulated =   1.42809500E-10
 ========================    =====================
  Progression along the line of sight :          42
  Horizontal dist. line of sight =   0.00000000      m
  Vertical dist. line of sight =   17332.7695      m
  Turning on lamps           1
  Turning on lamps           2
  Turning on lamps           3
  Turning on lamps           4
  Turning on lamps           5
  Turning on lamps           6
  Turning on lamps           7
  Turning on lamps           9
  Turning on lamps          11
  Turning on lamps          12
 Added radiance =   5.81335934E-12
 Radiance accumulated =   1.48622850E-10
 ========================    =====================
  Progression along the line of sight :          43
  Horizontal dist. line of sight =   0.00000000      m
  Vertical dist. line of sight =   19431.7012      m
  Turning on lamps           1
  Turning on lamps           2
  Turning on lamps           3
  Turning on lamps           4
  Turning on lamps           5
  Turning on lamps           6
  Turning on lamps           7
  Turning on lamps           9
  Turning on lamps          11
  Turning on lamps          12
 Added radiance =   4.31600415E-12
 Radiance accumulated =   1.52938856E-10
 ========================    =====================
  Progression along the line of sight :          44
  Horizontal dist. line of sight =   0.00000000      m
  Vertical dist. line of sight =   21782.5059      m
  Turning on lamps           1
  Turning on lamps           2
  Turning on lamps           3
  Turning on lamps           4
  Turning on lamps           5
  Turning on lamps           6
  Turning on lamps           7
  Turning on lamps           9
  Turning on lamps          11
  Turning on lamps          12
 Added radiance =   4.22035453E-12
 Radiance accumulated =   1.57159230E-10
 ========================    =====================
  Progression along the line of sight :          45
  Horizontal dist. line of sight =   0.00000000      m
  Vertical dist. line of sight =   24415.4062      m
  Turning on lamps           1
  Turning on lamps           2
  Turning on lamps           3
  Turning on lamps           4
  Turning on lamps           5
  Turning on lamps           6
  Turning on lamps           7
  Turning on lamps           9
  Turning on lamps          11
  Turning on lamps          12
 Added radiance =   3.55232640E-12
 Radiance accumulated =   1.60711527E-10
 ========================    =====================
  Progression along the line of sight :          46
  Horizontal dist. line of sight =   0.00000000      m
  Vertical dist. line of sight =   27364.2559      m
  Turning on lamps           1
  Turning on lamps           2
  Turning on lamps           3
  Turning on lamps           4
  Turning on lamps           5
  Turning on lamps           6
  Turning on lamps           7
  Turning on lamps           9
  Turning on lamps          11
  Turning on lamps          12
 Added radiance =   2.49414421E-12
 Radiance accumulated =   1.63205685E-10
 ========================    =====================
  Progression along the line of sight :          47
  Horizontal dist. line of sight =   0.00000000      m
  Vertical dist. line of sight =   30480.0215      m
  Turning on lamps           1
  Turning on lamps           2
  Turning on lamps           3
  Turning on lamps           4
  Turning on lamps           5
  Turning on lamps           6
  Turning on lamps           7
  Turning on lamps           9
  Turning on lamps          11
  Turning on lamps          12
 Added radiance =   1.30753362E-12
 Radiance accumulated =   1.64513209E-10
 ========================    =====================
  Progression along the line of sight :          48
  Horizontal dist. line of sight =   0.00000000      m
  Vertical dist. line of sight =   33595.7852      m
  Turning on lamps           1
  Turning on lamps           2
  Turning on lamps           3
  Turning on lamps           4
  Turning on lamps           5
  Turning on lamps           6
  Turning on lamps           7
  Turning on lamps           9
  Turning on lamps          11
  Turning on lamps          12
 Added radiance =   8.53266622E-13
 Radiance accumulated =   1.65366484E-10
 ===================================================
      Direct irradiance from sources (W/m**2/nm)
                    0.269E-10
      Direct irradiance from reflexion (W/m**2/nm)
                    0.233E-09
      Direct radiance from sources (W/str/m**2/nm)
                    0.000E+00
      Direct radiance from reflexion (W/str/m**2/nm)
                    0.000E+00
            Cloud radiance (W/str/m**2/nm)         
                    0.000E+00
          Diffuse radiance (W/str/m**2/nm)          
                    0.165E-09
