 ILLUMINA version 2.1.21w38.1a
 FILE USED:
 st_cruz_2019_topogra.bin                                                aerosol.txt                                                             
 Wavelength (nm):   530.000000      Aerosol optical depth:  0.125533551    
 2nd order scattering radius:   40000.0000      m
 Observer position (x,y,z)         256         256   10.0000000    
 Elevation angle:   90.0000000      azim angle (counterclockwfrom east)   90.0000000    
 Width of the domain [NS](m):   25550.0000     #cases:         511
 Width of the domain [EO](m):   25550.0000     #cases:         511
 Size of a cell (m):   50.0000000      X    50.0000000    
 latitu center:   0.00000000    
  Turning on lamps           1
  Turning on lamps           2
  Turning on lamps           3
  Turning on lamps           4
  Turning on lamps           5
  Turning on lamps           7
  Turning on lamps           8
  Turning on lamps           9
  Turning on lamps          10
  Turning on lamps          11
 ========================    =====================
  Progression along the line of sight :           1
  Horizontal dist. line of sight =   0.00000000      m
  Vertical dist. line of sight =   9.50000000      m
  Turning on lamps           1
  Turning on lamps           2
  Turning on lamps           3
  Turning on lamps           4
  Turning on lamps           5
  Turning on lamps           7
  Turning on lamps           8
  Turning on lamps           9
  Turning on lamps          10
  Turning on lamps          11
 Added radiance =   0.00000000    
 Radiance accumulated =   0.00000000    
 ========================    =====================
  Progression along the line of sight :           2
  Horizontal dist. line of sight =   0.00000000      m
  Vertical dist. line of sight =   29.6399994      m
  Turning on lamps           1
  Turning on lamps           2
  Turning on lamps           3
  Turning on lamps           4
  Turning on lamps           5
  Turning on lamps           7
  Turning on lamps           8
  Turning on lamps           9
  Turning on lamps          10
  Turning on lamps          11
 Added radiance =   1.70672129E-10
 Radiance accumulated =   1.70672129E-10
 ========================    =====================
  Progression along the line of sight :           3
  Horizontal dist. line of sight =   0.00000000      m
  Vertical dist. line of sight =   52.1968002      m
  Turning on lamps           1
  Turning on lamps           2
  Turning on lamps           3
  Turning on lamps           4
  Turning on lamps           5
  Turning on lamps           7
  Turning on lamps           8
  Turning on lamps           9
  Turning on lamps          10
  Turning on lamps          11
 Added radiance =   9.53501930E-11
 Radiance accumulated =   2.66022315E-10
 ========================    =====================
  Progression along the line of sight :           4
  Horizontal dist. line of sight =   0.00000000      m
  Vertical dist. line of sight =   77.4604187      m
  Turning on lamps           1
  Turning on lamps           2
  Turning on lamps           3
  Turning on lamps           4
  Turning on lamps           5
  Turning on lamps           7
  Turning on lamps           8
  Turning on lamps           9
  Turning on lamps          10
  Turning on lamps          11
 Added radiance =   1.35535458E-10
 Radiance accumulated =   4.01557787E-10
 ========================    =====================
  Progression along the line of sight :           5
  Horizontal dist. line of sight =   0.00000000      m
  Vertical dist. line of sight =   105.755676      m
  Turning on lamps           1
  Turning on lamps           2
  Turning on lamps           3
  Turning on lamps           4
  Turning on lamps           5
  Turning on lamps           7
  Turning on lamps           8
  Turning on lamps           9
  Turning on lamps          10
  Turning on lamps          11
 Added radiance =   1.52068830E-10
 Radiance accumulated =   5.53626645E-10
 ========================    =====================
  Progression along the line of sight :           6
  Horizontal dist. line of sight =   0.00000000      m
  Vertical dist. line of sight =   137.446350      m
  Turning on lamps           1
  Turning on lamps           2
  Turning on lamps           3
  Turning on lamps           4
  Turning on lamps           5
  Turning on lamps           7
  Turning on lamps           8
  Turning on lamps           9
  Turning on lamps          10
  Turning on lamps          11
 Added radiance =   1.57025434E-10
 Radiance accumulated =   7.10652093E-10
 ========================    =====================
  Progression along the line of sight :           7
  Horizontal dist. line of sight =   0.00000000      m
  Vertical dist. line of sight =   172.939911      m
  Turning on lamps           1
  Turning on lamps           2
  Turning on lamps           3
  Turning on lamps           4
  Turning on lamps           5
  Turning on lamps           7
  Turning on lamps           8
  Turning on lamps           9
  Turning on lamps          10
  Turning on lamps          11
 Added radiance =   1.80838955E-10
 Radiance accumulated =   8.91490937E-10
 ========================    =====================
  Progression along the line of sight :           8
  Horizontal dist. line of sight =   0.00000000      m
  Vertical dist. line of sight =   212.692703      m
  Turning on lamps           1
  Turning on lamps           2
  Turning on lamps           3
  Turning on lamps           4
  Turning on lamps           5
  Turning on lamps           7
  Turning on lamps           8
  Turning on lamps           9
  Turning on lamps          10
  Turning on lamps          11
 Added radiance =   1.94009697E-10
 Radiance accumulated =   1.08550069E-09
 ========================    =====================
  Progression along the line of sight :           9
  Horizontal dist. line of sight =   0.00000000      m
  Vertical dist. line of sight =   257.215820      m
  Turning on lamps           1
  Turning on lamps           2
  Turning on lamps           3
  Turning on lamps           4
  Turning on lamps           5
  Turning on lamps           7
  Turning on lamps           8
  Turning on lamps           9
  Turning on lamps          10
  Turning on lamps          11
 Added radiance =   2.28195268E-10
 Radiance accumulated =   1.31369604E-09
 ========================    =====================
  Progression along the line of sight :          10
  Horizontal dist. line of sight =   0.00000000      m
  Vertical dist. line of sight =   307.081726      m
  Turning on lamps           1
  Turning on lamps           2
  Turning on lamps           3
  Turning on lamps           4
  Turning on lamps           5
  Turning on lamps           7
  Turning on lamps           8
  Turning on lamps           9
  Turning on lamps          10
  Turning on lamps          11
 Added radiance =   2.35351794E-10
 Radiance accumulated =   1.54904767E-09
 ========================    =====================
  Progression along the line of sight :          11
  Horizontal dist. line of sight =   0.00000000      m
  Vertical dist. line of sight =   362.931519      m
  Turning on lamps           1
  Turning on lamps           2
  Turning on lamps           3
  Turning on lamps           4
  Turning on lamps           5
  Turning on lamps           7
  Turning on lamps           8
  Turning on lamps           9
  Turning on lamps          10
  Turning on lamps          11
 Added radiance =   2.55554411E-10
 Radiance accumulated =   1.80460202E-09
 ========================    =====================
  Progression along the line of sight :          12
  Horizontal dist. line of sight =   0.00000000      m
  Vertical dist. line of sight =   425.483307      m
  Turning on lamps           1
  Turning on lamps           2
  Turning on lamps           3
  Turning on lamps           4
  Turning on lamps           5
  Turning on lamps           7
  Turning on lamps           8
  Turning on lamps           9
  Turning on lamps          10
  Turning on lamps          11
 Added radiance =   2.70052203E-10
 Radiance accumulated =   2.07465423E-09
 ========================    =====================
  Progression along the line of sight :          13
  Horizontal dist. line of sight =   0.00000000      m
  Vertical dist. line of sight =   495.541321      m
  Turning on lamps           1
  Turning on lamps           2
  Turning on lamps           3
  Turning on lamps           4
  Turning on lamps           5
  Turning on lamps           7
  Turning on lamps           8
  Turning on lamps           9
  Turning on lamps          10
  Turning on lamps          11
 Added radiance =   2.87766061E-10
 Radiance accumulated =   2.36242026E-09
 ========================    =====================
  Progression along the line of sight :          14
  Horizontal dist. line of sight =   0.00000000      m
  Vertical dist. line of sight =   574.006287      m
  Turning on lamps           1
  Turning on lamps           2
  Turning on lamps           3
  Turning on lamps           4
  Turning on lamps           5
  Turning on lamps           7
  Turning on lamps           8
  Turning on lamps           9
  Turning on lamps          10
  Turning on lamps          11
 Added radiance =   3.03875203E-10
 Radiance accumulated =   2.66629563E-09
 ========================    =====================
  Progression along the line of sight :          15
  Horizontal dist. line of sight =   0.00000000      m
  Vertical dist. line of sight =   661.887024      m
  Turning on lamps           1
  Turning on lamps           2
  Turning on lamps           3
  Turning on lamps           4
  Turning on lamps           5
  Turning on lamps           7
  Turning on lamps           8
  Turning on lamps           9
  Turning on lamps          10
  Turning on lamps          11
 Added radiance =   3.28299860E-10
 Radiance accumulated =   2.99459524E-09
 ========================    =====================
  Progression along the line of sight :          16
  Horizontal dist. line of sight =   0.00000000      m
  Vertical dist. line of sight =   760.313477      m
  Turning on lamps           1
  Turning on lamps           2
  Turning on lamps           3
  Turning on lamps           4
  Turning on lamps           5
  Turning on lamps           7
  Turning on lamps           8
  Turning on lamps           9
  Turning on lamps          10
  Turning on lamps          11
 Added radiance =   3.49467372E-10
 Radiance accumulated =   3.34406280E-09
 ========================    =====================
  Progression along the line of sight :          17
  Horizontal dist. line of sight =   0.00000000      m
  Vertical dist. line of sight =   870.551086      m
  Turning on lamps           1
  Turning on lamps           2
  Turning on lamps           3
  Turning on lamps           4
  Turning on lamps           5
  Turning on lamps           7
  Turning on lamps           8
  Turning on lamps           9
  Turning on lamps          10
  Turning on lamps          11
 Added radiance =   3.73240439E-10
 Radiance accumulated =   3.71730291E-09
 ========================    =====================
  Progression along the line of sight :          18
  Horizontal dist. line of sight =   0.00000000      m
  Vertical dist. line of sight =   994.017212      m
  Turning on lamps           1
  Turning on lamps           2
  Turning on lamps           3
  Turning on lamps           4
  Turning on lamps           5
  Turning on lamps           7
  Turning on lamps           8
  Turning on lamps           9
  Turning on lamps          10
  Turning on lamps          11
 Added radiance =   3.96479377E-10
 Radiance accumulated =   4.11378265E-09
 ========================    =====================
  Progression along the line of sight :          19
  Horizontal dist. line of sight =   0.00000000      m
  Vertical dist. line of sight =   1132.29932      m
  Turning on lamps           1
  Turning on lamps           2
  Turning on lamps           3
  Turning on lamps           4
  Turning on lamps           5
  Turning on lamps           7
  Turning on lamps           8
  Turning on lamps           9
  Turning on lamps          10
  Turning on lamps          11
 Added radiance =   4.11475770E-10
 Radiance accumulated =   4.52525795E-09
 ========================    =====================
  Progression along the line of sight :          20
  Horizontal dist. line of sight =   0.00000000      m
  Vertical dist. line of sight =   1287.17529      m
  Turning on lamps           1
  Turning on lamps           2
  Turning on lamps           3
  Turning on lamps           4
  Turning on lamps           5
  Turning on lamps           7
  Turning on lamps           8
  Turning on lamps           9
  Turning on lamps          10
  Turning on lamps          11
 Added radiance =   4.26377156E-10
 Radiance accumulated =   4.95163510E-09
 ========================    =====================
  Progression along the line of sight :          21
  Horizontal dist. line of sight =   0.00000000      m
  Vertical dist. line of sight =   1460.63635      m
  Turning on lamps           1
  Turning on lamps           2
  Turning on lamps           3
  Turning on lamps           4
  Turning on lamps           5
  Turning on lamps           7
  Turning on lamps           8
  Turning on lamps           9
  Turning on lamps          10
  Turning on lamps          11
 Added radiance =   4.42551773E-10
 Radiance accumulated =   5.39418687E-09
 ========================    =====================
  Progression along the line of sight :          22
  Horizontal dist. line of sight =   0.00000000      m
  Vertical dist. line of sight =   1654.91272      m
  Turning on lamps           1
  Turning on lamps           2
  Turning on lamps           3
  Turning on lamps           4
  Turning on lamps           5
  Turning on lamps           7
  Turning on lamps           8
  Turning on lamps           9
  Turning on lamps          10
  Turning on lamps          11
 Added radiance =   4.60220501E-10
 Radiance accumulated =   5.85440763E-09
 ========================    =====================
  Progression along the line of sight :          23
  Horizontal dist. line of sight =   0.00000000      m
  Vertical dist. line of sight =   1872.50220      m
  Turning on lamps           1
  Turning on lamps           2
  Turning on lamps           3
  Turning on lamps           4
  Turning on lamps           5
  Turning on lamps           7
  Turning on lamps           8
  Turning on lamps           9
  Turning on lamps          10
  Turning on lamps          11
 Added radiance =   4.73141470E-10
 Radiance accumulated =   6.32754915E-09
 ========================    =====================
  Progression along the line of sight :          24
  Horizontal dist. line of sight =   0.00000000      m
  Vertical dist. line of sight =   2116.20239      m
  Turning on lamps           1
  Turning on lamps           2
  Turning on lamps           3
  Turning on lamps           4
  Turning on lamps           5
  Turning on lamps           7
  Turning on lamps           8
  Turning on lamps           9
  Turning on lamps          10
  Turning on lamps          11
 Added radiance =   4.82957285E-10
 Radiance accumulated =   6.81050638E-09
 ========================    =====================
  Progression along the line of sight :          25
  Horizontal dist. line of sight =   0.00000000      m
  Vertical dist. line of sight =   2389.14673      m
  Turning on lamps           1
  Turning on lamps           2
  Turning on lamps           3
  Turning on lamps           4
  Turning on lamps           5
  Turning on lamps           7
  Turning on lamps           8
  Turning on lamps           9
  Turning on lamps          10
  Turning on lamps          11
 Added radiance =   4.91339358E-10
 Radiance accumulated =   7.30184579E-09
 ========================    =====================
  Progression along the line of sight :          26
  Horizontal dist. line of sight =   0.00000000      m
  Vertical dist. line of sight =   2694.84424      m
  Turning on lamps           1
  Turning on lamps           2
  Turning on lamps           3
  Turning on lamps           4
  Turning on lamps           5
  Turning on lamps           7
  Turning on lamps           8
  Turning on lamps           9
  Turning on lamps          10
  Turning on lamps          11
 Added radiance =   4.94106145E-10
 Radiance accumulated =   7.79595233E-09
 ========================    =====================
  Progression along the line of sight :          27
  Horizontal dist. line of sight =   0.00000000      m
  Vertical dist. line of sight =   3037.22559      m
  Turning on lamps           1
  Turning on lamps           2
  Turning on lamps           3
  Turning on lamps           4
  Turning on lamps           5
  Turning on lamps           7
  Turning on lamps           8
  Turning on lamps           9
  Turning on lamps          10
  Turning on lamps          11
 Added radiance =   4.85720686E-10
 Radiance accumulated =   8.28167313E-09
 ========================    =====================
  Progression along the line of sight :          28
  Horizontal dist. line of sight =   0.00000000      m
  Vertical dist. line of sight =   3420.69263      m
  Turning on lamps           1
  Turning on lamps           2
  Turning on lamps           3
  Turning on lamps           4
  Turning on lamps           5
  Turning on lamps           7
  Turning on lamps           8
  Turning on lamps           9
  Turning on lamps          10
  Turning on lamps          11
 Added radiance =   4.71112704E-10
 Radiance accumulated =   8.75278605E-09
 ========================    =====================
  Progression along the line of sight :          29
  Horizontal dist. line of sight =   0.00000000      m
  Vertical dist. line of sight =   3850.17578      m
  Turning on lamps           1
  Turning on lamps           2
  Turning on lamps           3
  Turning on lamps           4
  Turning on lamps           5
  Turning on lamps           7
  Turning on lamps           8
  Turning on lamps           9
  Turning on lamps          10
  Turning on lamps          11
 Added radiance =   4.41210291E-10
 Radiance accumulated =   9.19399579E-09
 ========================    =====================
  Progression along the line of sight :          30
  Horizontal dist. line of sight =   0.00000000      m
  Vertical dist. line of sight =   4331.19678      m
  Turning on lamps           1
  Turning on lamps           2
  Turning on lamps           3
  Turning on lamps           4
  Turning on lamps           5
  Turning on lamps           7
  Turning on lamps           8
  Turning on lamps           9
  Turning on lamps          10
  Turning on lamps          11
 Added radiance =   4.00692590E-10
 Radiance accumulated =   9.59468860E-09
 ========================    =====================
  Progression along the line of sight :          31
  Horizontal dist. line of sight =   0.00000000      m
  Vertical dist. line of sight =   4869.94043      m
  Turning on lamps           1
  Turning on lamps           2
  Turning on lamps           3
  Turning on lamps           4
  Turning on lamps           5
  Turning on lamps           7
  Turning on lamps           8
  Turning on lamps           9
  Turning on lamps          10
  Turning on lamps          11
 Added radiance =   3.68498426E-10
 Radiance accumulated =   9.96318761E-09
 ========================    =====================
  Progression along the line of sight :          32
  Horizontal dist. line of sight =   0.00000000      m
  Vertical dist. line of sight =   5473.33350      m
  Turning on lamps           1
  Turning on lamps           2
  Turning on lamps           3
  Turning on lamps           4
  Turning on lamps           5
  Turning on lamps           7
  Turning on lamps           8
  Turning on lamps           9
  Turning on lamps          10
  Turning on lamps          11
 Added radiance =   3.18109067E-10
 Radiance accumulated =   1.02812958E-08
 ========================    =====================
  Progression along the line of sight :          33
  Horizontal dist. line of sight =   0.00000000      m
  Vertical dist. line of sight =   6149.13379      m
  Turning on lamps           1
  Turning on lamps           2
  Turning on lamps           3
  Turning on lamps           4
  Turning on lamps           5
  Turning on lamps           7
  Turning on lamps           8
  Turning on lamps           9
  Turning on lamps          10
  Turning on lamps          11
 Added radiance =   2.60680200E-10
 Radiance accumulated =   1.05419762E-08
 ========================    =====================
  Progression along the line of sight :          34
  Horizontal dist. line of sight =   0.00000000      m
  Vertical dist. line of sight =   6906.02979      m
  Turning on lamps           1
  Turning on lamps           2
  Turning on lamps           3
  Turning on lamps           4
  Turning on lamps           5
  Turning on lamps           7
  Turning on lamps           8
  Turning on lamps           9
  Turning on lamps          10
  Turning on lamps          11
 Added radiance =   2.10943735E-10
 Radiance accumulated =   1.07529203E-08
 ========================    =====================
  Progression along the line of sight :          35
  Horizontal dist. line of sight =   0.00000000      m
  Vertical dist. line of sight =   7753.75342      m
  Turning on lamps           1
  Turning on lamps           2
  Turning on lamps           3
  Turning on lamps           4
  Turning on lamps           5
  Turning on lamps           7
  Turning on lamps           8
  Turning on lamps           9
  Turning on lamps          10
  Turning on lamps          11
 Added radiance =   1.71156284E-10
 Radiance accumulated =   1.09240768E-08
 ========================    =====================
  Progression along the line of sight :          36
  Horizontal dist. line of sight =   0.00000000      m
  Vertical dist. line of sight =   8703.20410      m
  Turning on lamps           1
  Turning on lamps           2
  Turning on lamps           3
  Turning on lamps           4
  Turning on lamps           5
  Turning on lamps           7
  Turning on lamps           8
  Turning on lamps           9
  Turning on lamps          10
  Turning on lamps          11
 Added radiance =   1.39252637E-10
 Radiance accumulated =   1.10633289E-08
 ========================    =====================
  Progression along the line of sight :          37
  Horizontal dist. line of sight =   0.00000000      m
  Vertical dist. line of sight =   9766.58887      m
  Turning on lamps           1
  Turning on lamps           2
  Turning on lamps           3
  Turning on lamps           4
  Turning on lamps           5
  Turning on lamps           7
  Turning on lamps           8
  Turning on lamps           9
  Turning on lamps          10
  Turning on lamps          11
 Added radiance =   1.19828841E-10
 Radiance accumulated =   1.11831575E-08
 ========================    =====================
  Progression along the line of sight :          38
  Horizontal dist. line of sight =   0.00000000      m
  Vertical dist. line of sight =   10957.5791      m
  Turning on lamps           1
  Turning on lamps           2
  Turning on lamps           3
  Turning on lamps           4
  Turning on lamps           5
  Turning on lamps           7
  Turning on lamps           8
  Turning on lamps           9
  Turning on lamps          10
  Turning on lamps          11
 Added radiance =   1.07207312E-10
 Radiance accumulated =   1.12903651E-08
 ========================    =====================
  Progression along the line of sight :          39
  Horizontal dist. line of sight =   0.00000000      m
  Vertical dist. line of sight =   12291.4883      m
  Turning on lamps           1
  Turning on lamps           2
  Turning on lamps           3
  Turning on lamps           4
  Turning on lamps           5
  Turning on lamps           7
  Turning on lamps           8
  Turning on lamps           9
  Turning on lamps          10
  Turning on lamps          11
 Added radiance =   9.00031508E-11
 Radiance accumulated =   1.13803678E-08
 ========================    =====================
  Progression along the line of sight :          40
  Horizontal dist. line of sight =   0.00000000      m
  Vertical dist. line of sight =   13785.4668      m
  Turning on lamps           1
  Turning on lamps           2
  Turning on lamps           3
  Turning on lamps           4
  Turning on lamps           5
  Turning on lamps           7
  Turning on lamps           8
  Turning on lamps           9
  Turning on lamps          10
  Turning on lamps          11
 Added radiance =   7.43482498E-11
 Radiance accumulated =   1.14547172E-08
 ========================    =====================
  Progression along the line of sight :          41
  Horizontal dist. line of sight =   0.00000000      m
  Vertical dist. line of sight =   15458.7227      m
  Turning on lamps           1
  Turning on lamps           2
  Turning on lamps           3
  Turning on lamps           4
  Turning on lamps           5
  Turning on lamps           7
  Turning on lamps           8
  Turning on lamps           9
  Turning on lamps          10
  Turning on lamps          11
 Added radiance =   6.20803478E-11
 Radiance accumulated =   1.15167982E-08
 ========================    =====================
  Progression along the line of sight :          42
  Horizontal dist. line of sight =   0.00000000      m
  Vertical dist. line of sight =   17332.7695      m
  Turning on lamps           1
  Turning on lamps           2
  Turning on lamps           3
  Turning on lamps           4
  Turning on lamps           5
  Turning on lamps           7
  Turning on lamps           8
  Turning on lamps           9
  Turning on lamps          10
  Turning on lamps          11
 Added radiance =   4.52830239E-11
 Radiance accumulated =   1.15620811E-08
 ========================    =====================
  Progression along the line of sight :          43
  Horizontal dist. line of sight =   0.00000000      m
  Vertical dist. line of sight =   19431.7012      m
  Turning on lamps           1
  Turning on lamps           2
  Turning on lamps           3
  Turning on lamps           4
  Turning on lamps           5
  Turning on lamps           7
  Turning on lamps           8
  Turning on lamps           9
  Turning on lamps          10
  Turning on lamps          11
 Added radiance =   3.32898466E-11
 Radiance accumulated =   1.15953700E-08
 ========================    =====================
  Progression along the line of sight :          44
  Horizontal dist. line of sight =   0.00000000      m
  Vertical dist. line of sight =   21782.5059      m
  Turning on lamps           1
  Turning on lamps           2
  Turning on lamps           3
  Turning on lamps           4
  Turning on lamps           5
  Turning on lamps           7
  Turning on lamps           8
  Turning on lamps           9
  Turning on lamps          10
  Turning on lamps          11
 Added radiance =   2.41092198E-11
 Radiance accumulated =   1.16194787E-08
 ========================    =====================
  Progression along the line of sight :          45
  Horizontal dist. line of sight =   0.00000000      m
  Vertical dist. line of sight =   24415.4062      m
  Turning on lamps           1
  Turning on lamps           2
  Turning on lamps           3
  Turning on lamps           4
  Turning on lamps           5
  Turning on lamps           7
  Turning on lamps           8
  Turning on lamps           9
  Turning on lamps          10
  Turning on lamps          11
 Added radiance =   1.49359743E-11
 Radiance accumulated =   1.16344152E-08
 ========================    =====================
  Progression along the line of sight :          46
  Horizontal dist. line of sight =   0.00000000      m
  Vertical dist. line of sight =   27364.2559      m
  Turning on lamps           1
  Turning on lamps           2
  Turning on lamps           3
  Turning on lamps           4
  Turning on lamps           5
  Turning on lamps           7
  Turning on lamps           8
  Turning on lamps           9
  Turning on lamps          10
  Turning on lamps          11
 Added radiance =   9.81596922E-12
 Radiance accumulated =   1.16442314E-08
 ========================    =====================
  Progression along the line of sight :          47
  Horizontal dist. line of sight =   0.00000000      m
  Vertical dist. line of sight =   30480.0215      m
  Turning on lamps           1
  Turning on lamps           2
  Turning on lamps           3
  Turning on lamps           4
  Turning on lamps           5
  Turning on lamps           7
  Turning on lamps           8
  Turning on lamps           9
  Turning on lamps          10
  Turning on lamps          11
 Added radiance =   5.08793138E-12
 Radiance accumulated =   1.16493188E-08
 ========================    =====================
  Progression along the line of sight :          48
  Horizontal dist. line of sight =   0.00000000      m
  Vertical dist. line of sight =   33595.7852      m
  Turning on lamps           1
  Turning on lamps           2
  Turning on lamps           3
  Turning on lamps           4
  Turning on lamps           5
  Turning on lamps           7
  Turning on lamps           8
  Turning on lamps           9
  Turning on lamps          10
  Turning on lamps          11
 Added radiance =   3.25456264E-12
 Radiance accumulated =   1.16525740E-08
 ===================================================
      Direct irradiance from sources (W/m**2/nm)
                    0.390E-07
      Direct irradiance from reflexion (W/m**2/nm)
                    0.386E-07
      Direct radiance from sources (W/str/m**2/nm)
                    0.000E+00
      Direct radiance from reflexion (W/str/m**2/nm)
                    0.000E+00
            Cloud radiance (W/str/m**2/nm)         
                    0.000E+00
          Diffuse radiance (W/str/m**2/nm)          
                    0.117E-07
